{"logTime": "0411/231329", "correlationVector":"sI8dPvzZmeZWg+IEhAJub8.2","action":"Commit Response", "result":"Success", "context":Result: Success. cV=sI8dPvzZmeZWg+IEhAJub8.0;server=akswtt000000017;cloudType=Consumer;environment=Prod_germanywestcentral_prod-s01-010-eur-germanywestcentral;migrationStage=NotStarted}
{"logTime": "0411/231331", "correlationVector":"6fmMIg5Bnq/29I/sOfT49u","action":"Commit Request", "result":"", "context":Item count: 1
Contributing types: Extension settings}
{"logTime": "0411/231331", "correlationVector":"6fmMIg5Bnq/29I/sOfT49u.1","action":"SyncServerConnectionManagerRequest", "result":"SYNC_SERVER_OK", "context":{"environment":"Prod_germanywestcentral_prod-s01-010-eur-germanywestcentral", "migrationStage":"NotStarted", "server":"akswtt000000017"}}
{"logTime": "0411/231331", "correlationVector":"6fmMIg5Bnq/29I/sOfT49u.2","action":"Commit Response", "result":"Success", "context":Result: Success. cV=6fmMIg5Bnq/29I/sOfT49u.0;server=akswtt000000017;cloudType=Consumer;environment=Prod_germanywestcentral_prod-s01-010-eur-germanywestcentral;migrationStage=NotStarted}
{"logTime": "0411/232006", "correlationVector":"raidoCj181YIWzBVvfb8A4","action":"Commit Request", "result":"", "context":Item count: 1
Contributing types: Extension settings}
{"logTime": "0411/232006", "correlationVector":"raidoCj181YIWzBVvfb8A4.1","action":"SyncServerConnectionManagerRequest", "result":"SYNC_SERVER_OK", "context":{"environment":"Prod_germanywestcentral_prod-s01-010-eur-germanywestcentral", "migrationStage":"NotStarted", "server":"akswtt000000008"}}
{"logTime": "0411/232006", "correlationVector":"raidoCj181YIWzBVvfb8A4.2","action":"Commit Response", "result":"Success", "context":Result: Success. cV=raidoCj181YIWzBVvfb8A4.0;server=akswtt000000008;cloudType=Consumer;environment=Prod_germanywestcentral_prod-s01-010-eur-germanywestcentral;migrationStage=NotStarted}
{"logTime": "0411/232130", "correlationVector":"WABkw7TFj32oSkcLgW7+0E","action":"Commit Request", "result":"", "context":Item count: 1
Contributing types: Extension settings}
{"logTime": "0411/232130", "correlationVector":"WABkw7TFj32oSkcLgW7+0E.1","action":"SyncServerConnectionManagerRequest", "result":"SYNC_SERVER_OK", "context":{"environment":"Prod_germanywestcentral_prod-s01-011-eur-germanywestcentral", "migrationStage":"NotStarted", "server":"akswtt00300000p"}}
{"logTime": "0411/232130", "correlationVector":"WABkw7TFj32oSkcLgW7+0E.2","action":"Commit Response", "result":"Success", "context":Result: Success. cV=WABkw7TFj32oSkcLgW7+0E.0;server=akswtt00300000p;cloudType=Consumer;environment=Prod_germanywestcentral_prod-s01-011-eur-germanywestcentral;migrationStage=NotStarted}
{"logTime": "0411/232130", "correlationVector":"h6tKhz0lWGjYHvkqoeE+WB","action":"Commit Request", "result":"", "context":Item count: 1
Contributing types: Extension settings}
{"logTime": "0411/232130", "correlationVector":"h6tKhz0lWGjYHvkqoeE+WB.1","action":"SyncServerConnectionManagerRequest", "result":"SYNC_SERVER_OK", "context":{"environment":"Prod_germanywestcentral_prod-s01-011-eur-germanywestcentral", "migrationStage":"NotStarted", "server":"akswtt00300000a"}}
{"logTime": "0411/232130", "correlationVector":"h6tKhz0lWGjYHvkqoeE+WB.2","action":"Commit Response", "result":"Success", "context":Result: Success. cV=h6tKhz0lWGjYHvkqoeE+WB.0;server=akswtt00300000a;cloudType=Consumer;environment=Prod_germanywestcentral_prod-s01-011-eur-germanywestcentral;migrationStage=NotStarted}
{"logTime": "0411/232230", "correlationVector":"yYiLRh4LborL4aGGQ8TE9a","action":"Commit Request", "result":"", "context":Item count: 1
Contributing types: Extension settings}
{"logTime": "0411/232230", "correlationVector":"yYiLRh4LborL4aGGQ8TE9a.1","action":"SyncServerConnectionManagerRequest", "result":"SYNC_SERVER_OK", "context":{"environment":"Prod_germanywestcentral_prod-s01-010-eur-germanywestcentral", "migrationStage":"NotStarted", "server":"akswtt000000006"}}
{"logTime": "0411/232230", "correlationVector":"yYiLRh4LborL4aGGQ8TE9a.2","action":"Commit Response", "result":"Success", "context":Result: Success. cV=yYiLRh4LborL4aGGQ8TE9a.0;server=akswtt000000006;cloudType=Consumer;environment=Prod_germanywestcentral_prod-s01-010-eur-germanywestcentral;migrationStage=NotStarted}
{"logTime": "0411/232232", "correlationVector":"XoCBQsUTKYIkN4hilCYoRg","action":"Commit Request", "result":"", "context":Item count: 1
Contributing types: Extension settings}
{"logTime": "0411/232232", "correlationVector":"XoCBQsUTKYIkN4hilCYoRg.1","action":"SyncServerConnectionManagerRequest", "result":"SYNC_SERVER_OK", "context":{"environment":"Prod_germanywestcentral_prod-s01-010-eur-germanywestcentral", "migrationStage":"NotStarted", "server":"akswtt000000006"}}
{"logTime": "0411/232232", "correlationVector":"XoCBQsUTKYIkN4hilCYoRg.2","action":"Commit Response", "result":"Success", "context":Result: Success. cV=XoCBQsUTKYIkN4hilCYoRg.0;server=akswtt000000006;cloudType=Consumer;environment=Prod_germanywestcentral_prod-s01-010-eur-germanywestcentral;migrationStage=NotStarted}
{"logTime": "0411/233119", "correlationVector":"TrfjPxnq9kof01cnVpftgB","action":"Commit Request", "result":"", "context":Item count: 1
Contributing types: Extension settings}
{"logTime": "0411/233119", "correlationVector":"TrfjPxnq9kof01cnVpftgB.1","action":"SyncServerConnectionManagerRequest", "result":"SYNC_SERVER_OK", "context":{"environment":"Prod_germanywestcentral_prod-s01-011-eur-germanywestcentral", "migrationStage":"NotStarted", "server":"akswtt003000001"}}
{"logTime": "0411/233119", "correlationVector":"TrfjPxnq9kof01cnVpftgB.2","action":"Commit Response", "result":"Success", "context":Result: Success. cV=TrfjPxnq9kof01cnVpftgB.0;server=akswtt003000001;cloudType=Consumer;environment=Prod_germanywestcentral_prod-s01-011-eur-germanywestcentral;migrationStage=NotStarted}
{"logTime": "0411/233219", "correlationVector":"zayb87hot+upFZurVDIZly","action":"Commit Request", "result":"", "context":Item count: 1
Contributing types: Extension settings}
{"logTime": "0411/233219", "correlationVector":"zayb87hot+upFZurVDIZly.1","action":"SyncServerConnectionManagerRequest", "result":"SYNC_SERVER_OK", "context":{"environment":"Prod_germanywestcentral_prod-s01-011-eur-germanywestcentral", "migrationStage":"NotStarted", "server":"akswtt00300000b"}}
{"logTime": "0411/233219", "correlationVector":"zayb87hot+upFZurVDIZly.2","action":"Commit Response", "result":"Success", "context":Result: Success. cV=zayb87hot+upFZurVDIZly.0;server=akswtt00300000b;cloudType=Consumer;environment=Prod_germanywestcentral_prod-s01-011-eur-germanywestcentral;migrationStage=NotStarted}
{"logTime": "0411/233221", "correlationVector":"BijCs9jNHfgDLD75Th8bYa","action":"Commit Request", "result":"", "context":Item count: 1
Contributing types: Extension settings}
{"logTime": "0411/233221", "correlationVector":"BijCs9jNHfgDLD75Th8bYa.1","action":"SyncServerConnectionManagerRequest", "result":"SYNC_SERVER_OK", "context":{"environment":"Prod_germanywestcentral_prod-s01-011-eur-germanywestcentral", "migrationStage":"NotStarted", "server":"akswtt003000007"}}
{"logTime": "0411/233221", "correlationVector":"BijCs9jNHfgDLD75Th8bYa.2","action":"Commit Response", "result":"Success", "context":Result: Success. cV=BijCs9jNHfgDLD75Th8bYa.0;server=akswtt003000007;cloudType=Consumer;environment=Prod_germanywestcentral_prod-s01-011-eur-germanywestcentral;migrationStage=NotStarted}
{"logTime": "0411/233855", "correlationVector":"dmj2QzZG3QFbuyIFqDppAq","action":"Commit Request", "result":"", "context":Item count: 1
Contributing types: Extension settings}
{"logTime": "0411/233856", "correlationVector":"dmj2QzZG3QFbuyIFqDppAq.1","action":"SyncServerConnectionManagerRequest", "result":"SYNC_SERVER_OK", "context":{"environment":"Prod_germanywestcentral_prod-s01-011-eur-germanywestcentral", "migrationStage":"NotStarted", "server":"akswtt00300000j"}}
{"logTime": "0411/233856", "correlationVector":"dmj2QzZG3QFbuyIFqDppAq.2","action":"Commit Response", "result":"Success", "context":Result: Success. cV=dmj2QzZG3QFbuyIFqDppAq.0;server=akswtt00300000j;cloudType=Consumer;environment=Prod_germanywestcentral_prod-s01-011-eur-germanywestcentral;migrationStage=NotStarted}
{"logTime": "0411/234020", "correlationVector":"HHzBkrmSSgLfpyutfb7+Hs","action":"Commit Request", "result":"", "context":Item count: 1
Contributing types: Extension settings}
{"logTime": "0411/234020", "correlationVector":"HHzBkrmSSgLfpyutfb7+Hs.1","action":"SyncServerConnectionManagerRequest", "result":"SYNC_SERVER_OK", "context":{"environment":"Prod_germanywestcentral_prod-s01-011-eur-germanywestcentral", "migrationStage":"NotStarted", "server":"akswtt003000008"}}
{"logTime": "0411/234020", "correlationVector":"HHzBkrmSSgLfpyutfb7+Hs.2","action":"Commit Response", "result":"Success", "context":Result: Success. cV=HHzBkrmSSgLfpyutfb7+Hs.0;server=akswtt003000008;cloudType=Consumer;environment=Prod_germanywestcentral_prod-s01-011-eur-germanywestcentral;migrationStage=NotStarted}
{"logTime": "0411/234020", "correlationVector":"WFqM7iEVFN7Rid3TNzthef","action":"Commit Request", "result":"", "context":Item count: 1
Contributing types: Extension settings}
{"logTime": "0411/234020", "correlationVector":"WFqM7iEVFN7Rid3TNzthef.1","action":"SyncServerConnectionManagerRequest", "result":"SYNC_SERVER_OK", "context":{"environment":"Prod_germanywestcentral_prod-s01-011-eur-germanywestcentral", "migrationStage":"NotStarted", "server":"akswtt003000003"}}
{"logTime": "0411/234020", "correlationVector":"WFqM7iEVFN7Rid3TNzthef.2","action":"Commit Response", "result":"Success", "context":Result: Success. cV=WFqM7iEVFN7Rid3TNzthef.0;server=akswtt003000003;cloudType=Consumer;environment=Prod_germanywestcentral_prod-s01-011-eur-germanywestcentral;migrationStage=NotStarted}
{"logTime": "0411/234120", "correlationVector":"wuRRHNeoxeHuh2wOUq2HpI","action":"Commit Request", "result":"", "context":Item count: 1
Contributing types: Extension settings}
{"logTime": "0411/234120", "correlationVector":"wuRRHNeoxeHuh2wOUq2HpI.1","action":"SyncServerConnectionManagerRequest", "result":"SYNC_SERVER_OK", "context":{"environment":"Prod_germanywestcentral_prod-s01-011-eur-germanywestcentral", "migrationStage":"NotStarted", "server":"akswtt003000003"}}
{"logTime": "0411/234120", "correlationVector":"wuRRHNeoxeHuh2wOUq2HpI.2","action":"Commit Response", "result":"Success", "context":Result: Success. cV=wuRRHNeoxeHuh2wOUq2HpI.0;server=akswtt003000003;cloudType=Consumer;environment=Prod_germanywestcentral_prod-s01-011-eur-germanywestcentral;migrationStage=NotStarted}
{"logTime": "0411/234122", "correlationVector":"x4i2dqdEtONKYQfd6Ly6dx","action":"Commit Request", "result":"", "context":Item count: 1
Contributing types: Extension settings}
{"logTime": "0411/234122", "correlationVector":"x4i2dqdEtONKYQfd6Ly6dx.1","action":"SyncServerConnectionManagerRequest", "result":"SYNC_SERVER_OK", "context":{"environment":"Prod_germanywestcentral_prod-s01-011-eur-germanywestcentral", "migrationStage":"NotStarted", "server":"akswtt003000001"}}
{"logTime": "0411/234122", "correlationVector":"x4i2dqdEtONKYQfd6Ly6dx.2","action":"Commit Response", "result":"Success", "context":Result: Success. cV=x4i2dqdEtONKYQfd6Ly6dx.0;server=akswtt003000001;cloudType=Consumer;environment=Prod_germanywestcentral_prod-s01-011-eur-germanywestcentral;migrationStage=NotStarted}
{"logTime": "0411/234757", "correlationVector":"UeozeYna8sQ7FnBqVixhrW","action":"Commit Request", "result":"", "context":Item count: 1
Contributing types: Extension settings}
{"logTime": "0411/234757", "correlationVector":"UeozeYna8sQ7FnBqVixhrW.1","action":"SyncServerConnectionManagerRequest", "result":"SYNC_SERVER_OK", "context":{"environment":"Prod_germanywestcentral_prod-s01-010-eur-germanywestcentral", "migrationStage":"NotStarted", "server":"akswtt00000000j"}}
{"logTime": "0411/234757", "correlationVector":"UeozeYna8sQ7FnBqVixhrW.2","action":"Commit Response", "result":"Success", "context":Result: Success. cV=UeozeYna8sQ7FnBqVixhrW.0;server=akswtt00000000j;cloudType=Consumer;environment=Prod_germanywestcentral_prod-s01-010-eur-germanywestcentral;migrationStage=NotStarted}
{"logTime": "0411/234857", "correlationVector":"YG4qhtuFCqSSnhx3Oe2Gdc","action":"Commit Request", "result":"", "context":Item count: 1
Contributing types: Extension settings}
{"logTime": "0411/234857", "correlationVector":"YG4qhtuFCqSSnhx3Oe2Gdc.1","action":"SyncServerConnectionManagerRequest", "result":"SYNC_SERVER_OK", "context":{"environment":"Prod_germanywestcentral_prod-s01-010-eur-germanywestcentral", "migrationStage":"NotStarted", "server":"akswtt00000000n"}}
{"logTime": "0411/234857", "correlationVector":"YG4qhtuFCqSSnhx3Oe2Gdc.2","action":"Commit Response", "result":"Success", "context":Result: Success. cV=YG4qhtuFCqSSnhx3Oe2Gdc.0;server=akswtt00000000n;cloudType=Consumer;environment=Prod_germanywestcentral_prod-s01-010-eur-germanywestcentral;migrationStage=NotStarted}
{"logTime": "0411/234859", "correlationVector":"0++r4+TXWAkgogv2OFHKtc","action":"Commit Request", "result":"", "context":Item count: 1
Contributing types: Extension settings}
{"logTime": "0411/234859", "correlationVector":"0++r4+TXWAkgogv2OFHKtc.1","action":"SyncServerConnectionManagerRequest", "result":"SYNC_SERVER_OK", "context":{"environment":"Prod_germanywestcentral_prod-s01-010-eur-germanywestcentral", "migrationStage":"NotStarted", "server":"akswtt000000008"}}
{"logTime": "0411/234859", "correlationVector":"0++r4+TXWAkgogv2OFHKtc.2","action":"Commit Response", "result":"Success", "context":Result: Success. cV=0++r4+TXWAkgogv2OFHKtc.0;server=akswtt000000008;cloudType=Consumer;environment=Prod_germanywestcentral_prod-s01-010-eur-germanywestcentral;migrationStage=NotStarted}
{"logTime": "0411/235357", "correlationVector":"pB2XIX20rLg7SOcn031quK","action":"Commit Request", "result":"", "context":Item count: 1
Contributing types: Extension settings}
{"logTime": "0411/235358", "correlationVector":"pB2XIX20rLg7SOcn031quK.1","action":"SyncServerConnectionManagerRequest", "result":"SYNC_SERVER_OK", "context":{"environment":"Prod_germanywestcentral_prod-s01-010-eur-germanywestcentral", "migrationStage":"NotStarted", "server":"akswtt000000000"}}
{"logTime": "0411/235358", "correlationVector":"pB2XIX20rLg7SOcn031quK.2","action":"Commit Response", "result":"Success", "context":Result: Success. cV=pB2XIX20rLg7SOcn031quK.0;server=akswtt000000000;cloudType=Consumer;environment=Prod_germanywestcentral_prod-s01-010-eur-germanywestcentral;migrationStage=NotStarted}
{"logTime": "0411/235359", "correlationVector":"zQf9mT2YosTEf+65AT0SBJ","action":"Commit Request", "result":"", "context":Item count: 1
Contributing types: Extension settings}
{"logTime": "0411/235359", "correlationVector":"zQf9mT2YosTEf+65AT0SBJ.1","action":"SyncServerConnectionManagerRequest", "result":"SYNC_SERVER_OK", "context":{"environment":"Prod_germanywestcentral_prod-s01-010-eur-germanywestcentral", "migrationStage":"NotStarted", "server":"akswtt00000000a"}}
{"logTime": "0411/235359", "correlationVector":"zQf9mT2YosTEf+65AT0SBJ.2","action":"Commit Response", "result":"Success", "context":Result: Success. cV=zQf9mT2YosTEf+65AT0SBJ.0;server=akswtt00000000a;cloudType=Consumer;environment=Prod_germanywestcentral_prod-s01-010-eur-germanywestcentral;migrationStage=NotStarted}
{"logTime": "0412/000033", "correlationVector":"Xl9keBcn2rFM4Hr2bB8p+Q","action":"Commit Request", "result":"", "context":Item count: 1
Contributing types: Extension settings}
{"logTime": "0412/000034", "correlationVector":"Xl9keBcn2rFM4Hr2bB8p+Q.1","action":"SyncServerConnectionManagerRequest", "result":"SYNC_SERVER_OK", "context":{"environment":"Prod_germanywestcentral_prod-s01-010-eur-germanywestcentral", "migrationStage":"NotStarted", "server":"akswtt00000001b"}}
{"logTime": "0412/000034", "correlationVector":"Xl9keBcn2rFM4Hr2bB8p+Q.2","action":"Commit Response", "result":"Success", "context":Result: Success. cV=Xl9keBcn2rFM4Hr2bB8p+Q.0;server=akswtt00000001b;cloudType=Consumer;environment=Prod_germanywestcentral_prod-s01-010-eur-germanywestcentral;migrationStage=NotStarted}
{"logTime": "0412/000134", "correlationVector":"kTiBgE1Dfr/G9QhHygVgEO","action":"Commit Request", "result":"", "context":Item count: 1
Contributing types: Extension settings}
{"logTime": "0412/000134", "correlationVector":"kTiBgE1Dfr/G9QhHygVgEO.1","action":"SyncServerConnectionManagerRequest", "result":"SYNC_SERVER_OK", "context":{"environment":"Prod_germanywestcentral_prod-s01-010-eur-germanywestcentral", "migrationStage":"NotStarted", "server":"akswtt000000009"}}
{"logTime": "0412/000134", "correlationVector":"kTiBgE1Dfr/G9QhHygVgEO.2","action":"Commit Response", "result":"Success", "context":Result: Success. cV=kTiBgE1Dfr/G9QhHygVgEO.0;server=akswtt000000009;cloudType=Consumer;environment=Prod_germanywestcentral_prod-s01-010-eur-germanywestcentral;migrationStage=NotStarted}
{"logTime": "0412/000136", "correlationVector":"qCM8HKBbyhuJldMZGOkm8D","action":"Commit Request", "result":"", "context":Item count: 1
Contributing types: Extension settings}
{"logTime": "0412/000136", "correlationVector":"qCM8HKBbyhuJldMZGOkm8D.1","action":"SyncServerConnectionManagerRequest", "result":"SYNC_SERVER_OK", "context":{"environment":"Prod_germanywestcentral_prod-s01-010-eur-germanywestcentral", "migrationStage":"NotStarted", "server":"akswtt000000009"}}
{"logTime": "0412/000136", "correlationVector":"qCM8HKBbyhuJldMZGOkm8D.2","action":"Commit Response", "result":"Success", "context":Result: Success. cV=qCM8HKBbyhuJldMZGOkm8D.0;server=akswtt000000009;cloudType=Consumer;environment=Prod_germanywestcentral_prod-s01-010-eur-germanywestcentral;migrationStage=NotStarted}
{"logTime": "0412/000810", "correlationVector":"8+V8qbP6DeWIbI9L08kMIj","action":"Commit Request", "result":"", "context":Item count: 1
Contributing types: Extension settings}
{"logTime": "0412/000811", "correlationVector":"8+V8qbP6DeWIbI9L08kMIj.1","action":"SyncServerConnectionManagerRequest", "result":"SYNC_SERVER_OK", "context":{"environment":"Prod_germanywestcentral_prod-s01-011-eur-germanywestcentral", "migrationStage":"NotStarted", "server":"akswtt00300000i"}}
{"logTime": "0412/000811", "correlationVector":"8+V8qbP6DeWIbI9L08kMIj.2","action":"Commit Response", "result":"Success", "context":Result: Success. cV=8+V8qbP6DeWIbI9L08kMIj.0;server=akswtt00300000i;cloudType=Consumer;environment=Prod_germanywestcentral_prod-s01-011-eur-germanywestcentral;migrationStage=NotStarted}
{"logTime": "0412/000910", "correlationVector":"nU5iMhrkYgDbI5nAsVeoDS","action":"Commit Request", "result":"", "context":Item count: 1
Contributing types: Extension settings}
{"logTime": "0412/000911", "correlationVector":"nU5iMhrkYgDbI5nAsVeoDS.1","action":"SyncServerConnectionManagerRequest", "result":"SYNC_SERVER_OK", "context":{"environment":"Prod_germanywestcentral_prod-s01-010-eur-germanywestcentral", "migrationStage":"NotStarted", "server":"akswtt000000004"}}
{"logTime": "0412/000911", "correlationVector":"nU5iMhrkYgDbI5nAsVeoDS.2","action":"Commit Response", "result":"Success", "context":Result: Success. cV=nU5iMhrkYgDbI5nAsVeoDS.0;server=akswtt000000004;cloudType=Consumer;environment=Prod_germanywestcentral_prod-s01-010-eur-germanywestcentral;migrationStage=NotStarted}
{"logTime": "0412/000912", "correlationVector":"AKZcmOC942ldhLoWRbNdNj","action":"Commit Request", "result":"", "context":Item count: 1
Contributing types: Extension settings}
{"logTime": "0412/000913", "correlationVector":"AKZcmOC942ldhLoWRbNdNj.1","action":"SyncServerConnectionManagerRequest", "result":"SYNC_SERVER_OK", "context":{"environment":"Prod_germanywestcentral_prod-s01-010-eur-germanywestcentral", "migrationStage":"NotStarted", "server":"akswtt000000008"}}
{"logTime": "0412/000913", "correlationVector":"AKZcmOC942ldhLoWRbNdNj.2","action":"Commit Response", "result":"Success", "context":Result: Success. cV=AKZcmOC942ldhLoWRbNdNj.0;server=akswtt000000008;cloudType=Consumer;environment=Prod_germanywestcentral_prod-s01-010-eur-germanywestcentral;migrationStage=NotStarted}
{"logTime": "0412/001547", "correlationVector":"7cGSC8pbObxn/B6+SVc9/C","action":"Commit Request", "result":"", "context":Item count: 1
Contributing types: Extension settings}
{"logTime": "0412/001547", "correlationVector":"7cGSC8pbObxn/B6+SVc9/C.1","action":"SyncServerConnectionManagerRequest", "result":"SYNC_SERVER_OK", "context":{"environment":"Prod_germanywestcentral_prod-s01-010-eur-germanywestcentral", "migrationStage":"NotStarted", "server":"akswtt00000000f"}}
{"logTime": "0412/001547", "correlationVector":"7cGSC8pbObxn/B6+SVc9/C.2","action":"Commit Response", "result":"Success", "context":Result: Success. cV=7cGSC8pbObxn/B6+SVc9/C.0;server=akswtt00000000f;cloudType=Consumer;environment=Prod_germanywestcentral_prod-s01-010-eur-germanywestcentral;migrationStage=NotStarted}
{"logTime": "0412/001647", "correlationVector":"9biZyMQ4fbMWm0aaUJSy96","action":"Commit Request", "result":"", "context":Item count: 1
Contributing types: Extension settings}
{"logTime": "0412/001647", "correlationVector":"9biZyMQ4fbMWm0aaUJSy96.1","action":"SyncServerConnectionManagerRequest", "result":"SYNC_SERVER_OK", "context":{"environment":"Prod_germanywestcentral_prod-s01-010-eur-germanywestcentral", "migrationStage":"NotStarted", "server":"akswtt00000000i"}}
{"logTime": "0412/001647", "correlationVector":"9biZyMQ4fbMWm0aaUJSy96.2","action":"Commit Response", "result":"Success", "context":Result: Success. cV=9biZyMQ4fbMWm0aaUJSy96.0;server=akswtt00000000i;cloudType=Consumer;environment=Prod_germanywestcentral_prod-s01-010-eur-germanywestcentral;migrationStage=NotStarted}
{"logTime": "0412/001649", "correlationVector":"HraqfMLWtQB3ntgxhQMsBu","action":"Commit Request", "result":"", "context":Item count: 1
Contributing types: Extension settings}
{"logTime": "0412/001650", "correlationVector":"HraqfMLWtQB3ntgxhQMsBu.1","action":"SyncServerConnectionManagerRequest", "result":"SYNC_SERVER_OK", "context":{"environment":"Prod_germanywestcentral_prod-s01-010-eur-germanywestcentral", "migrationStage":"NotStarted", "server":"akswtt00000000i"}}
{"logTime": "0412/001650", "correlationVector":"HraqfMLWtQB3ntgxhQMsBu.2","action":"Commit Response", "result":"Success", "context":Result: Success. cV=HraqfMLWtQB3ntgxhQMsBu.0;server=akswtt00000000i;cloudType=Consumer;environment=Prod_germanywestcentral_prod-s01-010-eur-germanywestcentral;migrationStage=NotStarted}
{"logTime": "0412/002111", "correlationVector":"3PUsCv6H7VGogsTTMEKa9n","action":"Poll GetUpdate request", "result":"", "context":cV=3PUsCv6H7VGogsTTMEKa9n}
{"logTime": "0412/002112", "correlationVector":"3PUsCv6H7VGogsTTMEKa9n.1","action":"SyncServerConnectionManagerRequest", "result":"SYNC_SERVER_OK", "context":{"environment":"Prod_germanywestcentral_prod-s01-010-eur-germanywestcentral", "migrationStage":"NotStarted", "server":"akswtt000000015"}}
{"logTime": "0412/002112", "correlationVector":"3PUsCv6H7VGogsTTMEKa9n.2","action":"ProcessGetUpdates", "result":"Done", "context":{"dataType":"Preferences", "deleted":"0", "process_failed_to_decrypt":"0", "process_pending_decryption":"0", "process_success":"1", "total":"1"}}
{"logTime": "0412/002112", "correlationVector":"3PUsCv6H7VGogsTTMEKa9n.3","action":"ProcessGetUpdates", "result":"Done", "context":{"dataType":"Passwords", "deleted":"0", "process_failed_to_decrypt":"0", "process_pending_decryption":"0", "process_success":"232", "total":"232"}}
{"logTime": "0412/002112", "correlationVector":"3PUsCv6H7VGogsTTMEKa9n.4","action":"ProcessGetUpdates", "result":"Done", "context":{"dataType":"Extensions", "deleted":"0", "process_failed_to_decrypt":"0", "process_pending_decryption":"0", "process_success":"1", "total":"1"}}
{"logTime": "0412/002112", "correlationVector":"3PUsCv6H7VGogsTTMEKa9n.5","action":"ProcessGetUpdates", "result":"Done", "context":{"dataType":"Sessions", "deleted":"0", "process_failed_to_decrypt":"0", "process_pending_decryption":"0", "process_success":"5", "total":"5"}}
{"logTime": "0412/002112", "correlationVector":"3PUsCv6H7VGogsTTMEKa9n.6","action":"ProcessGetUpdates", "result":"Done", "context":{"dataType":"Extension settings", "deleted":"0", "process_failed_to_decrypt":"0", "process_pending_decryption":"0", "process_success":"9", "total":"9"}}
{"logTime": "0412/002112", "correlationVector":"3PUsCv6H7VGogsTTMEKa9n.7","action":"ProcessGetUpdates", "result":"Done", "context":{"dataType":"Device Info", "deleted":"0", "process_failed_to_decrypt":"0", "process_pending_decryption":"0", "process_success":"1", "total":"1"}}
{"logTime": "0412/002112", "correlationVector":"3PUsCv6H7VGogsTTMEKa9n.8","action":"ProcessGetUpdates", "result":"Done", "context":{"dataType":"History", "deleted":"0", "process_failed_to_decrypt":"0", "process_pending_decryption":"0", "process_success":"4", "total":"4"}}
{"logTime": "0412/002112", "correlationVector":"3PUsCv6H7VGogsTTMEKa9n.9","action":"GetUpdates Response", "result":"Success", "context":Received 253 update(s). cV=3PUsCv6H7VGogsTTMEKa9n.0;server=akswtt000000015;cloudType=Consumer;environment=Prod_germanywestcentral_prod-s01-010-eur-germanywestcentral;migrationStage=NotStarted Some updates remain.}
{"logTime": "0412/002112", "correlationVector":"snE89CDLqVQ7wHb9ENmeGZ","action":"Poll GetUpdate request", "result":"", "context":cV=snE89CDLqVQ7wHb9ENmeGZ}
{"logTime": "0412/002112", "correlationVector":"snE89CDLqVQ7wHb9ENmeGZ.1","action":"SyncServerConnectionManagerRequest", "result":"SYNC_SERVER_OK", "context":{"environment":"Prod_germanywestcentral_prod-s01-010-eur-germanywestcentral", "migrationStage":"NotStarted", "server":"akswtt000000015"}}
{"logTime": "0412/002112", "correlationVector":"snE89CDLqVQ7wHb9ENmeGZ.2","action":"GetUpdates Response", "result":"Success", "context":Received 0 update(s). cV=snE89CDLqVQ7wHb9ENmeGZ.0;server=akswtt000000015;cloudType=Consumer;environment=Prod_germanywestcentral_prod-s01-010-eur-germanywestcentral;migrationStage=NotStarted}
{"logTime": "0412/002323", "correlationVector":"bmbIA+aCE9DjCw2W3xo3d5","action":"Commit Request", "result":"", "context":Item count: 1
Contributing types: Extension settings}
{"logTime": "0412/002324", "correlationVector":"bmbIA+aCE9DjCw2W3xo3d5.1","action":"SyncServerConnectionManagerRequest", "result":"SYNC_SERVER_OK", "context":{"environment":"Prod_germanywestcentral_prod-s01-011-eur-germanywestcentral", "migrationStage":"NotStarted", "server":"akswtt00300000i"}}
{"logTime": "0412/002324", "correlationVector":"bmbIA+aCE9DjCw2W3xo3d5.2","action":"Commit Response", "result":"Success", "context":Result: Success. cV=bmbIA+aCE9DjCw2W3xo3d5.0;server=akswtt00300000i;cloudType=Consumer;environment=Prod_germanywestcentral_prod-s01-011-eur-germanywestcentral;migrationStage=NotStarted}
{"logTime": "0412/002447", "correlationVector":"BmkXE6EXuWwP8BdjzkrRNf","action":"Commit Request", "result":"", "context":Item count: 1
Contributing types: Extension settings}
{"logTime": "0412/002447", "correlationVector":"BmkXE6EXuWwP8BdjzkrRNf.1","action":"SyncServerConnectionManagerRequest", "result":"SYNC_AUTH_ERROR", "context":{"environment":"Prod_germanywestcentral_prod-s01-010-eur-germanywestcentral", "migrationStage":"NotStarted", "server":"akswtt00000000d"}}
{"logTime": "0412/002447", "correlationVector":"BmkXE6EXuWwP8BdjzkrRNf.2","action":"Commit Response", "result":"HTTP error (401)", "context":Result: HTTP error (401). cV=BmkXE6EXuWwP8BdjzkrRNf.0;server=akswtt00000000d;cloudType=Undetermined;environment=Prod_germanywestcentral_prod-s01-010-eur-germanywestcentral;migrationStage=NotStarted}
{"logTime": "0412/002448", "correlationVector":"DSL0yM1QNv7w5XE2JA9vzf","action":"Commit Request", "result":"", "context":Item count: 1
Contributing types: Extension settings}
{"logTime": "0412/002449", "correlationVector":"DSL0yM1QNv7w5XE2JA9vzf.1","action":"SyncServerConnectionManagerRequest", "result":"SYNC_SERVER_OK", "context":{"environment":"Prod_germanywestcentral_prod-s01-010-eur-germanywestcentral", "migrationStage":"NotStarted", "server":"akswtt000000007"}}
{"logTime": "0412/002449", "correlationVector":"DSL0yM1QNv7w5XE2JA9vzf.2","action":"Commit Response", "result":"Success", "context":Result: Success. cV=DSL0yM1QNv7w5XE2JA9vzf.0;server=akswtt000000007;cloudType=Consumer;environment=Prod_germanywestcentral_prod-s01-010-eur-germanywestcentral;migrationStage=NotStarted}
{"logTime": "0412/002548", "correlationVector":"Qs+Lk/NpHV1nVBUtLyyUkK","action":"Commit Request", "result":"", "context":Item count: 1
Contributing types: Extension settings}
{"logTime": "0412/002548", "correlationVector":"Qs+Lk/NpHV1nVBUtLyyUkK.1","action":"SyncServerConnectionManagerRequest", "result":"SYNC_SERVER_OK", "context":{"environment":"Prod_germanywestcentral_prod-s01-010-eur-germanywestcentral", "migrationStage":"NotStarted", "server":"akswtt00000000e"}}
{"logTime": "0412/002548", "correlationVector":"Qs+Lk/NpHV1nVBUtLyyUkK.2","action":"Commit Response", "result":"Success", "context":Result: Success. cV=Qs+Lk/NpHV1nVBUtLyyUkK.0;server=akswtt00000000e;cloudType=Consumer;environment=Prod_germanywestcentral_prod-s01-010-eur-germanywestcentral;migrationStage=NotStarted}
{"logTime": "0412/002550", "correlationVector":"z7Uk2Snu2JiRpTnx6W9nEb","action":"Commit Request", "result":"", "context":Item count: 1
Contributing types: Extension settings}
{"logTime": "0412/002550", "correlationVector":"z7Uk2Snu2JiRpTnx6W9nEb.1","action":"SyncServerConnectionManagerRequest", "result":"SYNC_SERVER_OK", "context":{"environment":"Prod_germanywestcentral_prod-s01-010-eur-germanywestcentral", "migrationStage":"NotStarted", "server":"akswtt00000000e"}}
{"logTime": "0412/002550", "correlationVector":"z7Uk2Snu2JiRpTnx6W9nEb.2","action":"Commit Response", "result":"Success", "context":Result: Success. cV=z7Uk2Snu2JiRpTnx6W9nEb.0;server=akswtt00000000e;cloudType=Consumer;environment=Prod_germanywestcentral_prod-s01-010-eur-germanywestcentral;migrationStage=NotStarted}
{"logTime": "0412/003224", "correlationVector":"jTqh02cd1YSHKrAmsQAE7y","action":"Commit Request", "result":"", "context":Item count: 1
Contributing types: Extension settings}
{"logTime": "0412/003224", "correlationVector":"jTqh02cd1YSHKrAmsQAE7y.1","action":"SyncServerConnectionManagerRequest", "result":"SYNC_SERVER_OK", "context":{"environment":"Prod_germanywestcentral_prod-s01-011-eur-germanywestcentral", "migrationStage":"NotStarted", "server":"akswtt003000007"}}
{"logTime": "0412/003224", "correlationVector":"jTqh02cd1YSHKrAmsQAE7y.2","action":"Commit Response", "result":"Success", "context":Result: Success. cV=jTqh02cd1YSHKrAmsQAE7y.0;server=akswtt003000007;cloudType=Consumer;environment=Prod_germanywestcentral_prod-s01-011-eur-germanywestcentral;migrationStage=NotStarted}
{"logTime": "0412/003348", "correlationVector":"s3w5FqpC2CvEb3Ml45X0Gd","action":"Commit Request", "result":"", "context":Item count: 1
Contributing types: Extension settings}
{"logTime": "0412/003348", "correlationVector":"s3w5FqpC2CvEb3Ml45X0Gd.1","action":"SyncServerConnectionManagerRequest", "result":"SYNC_SERVER_OK", "context":{"environment":"Prod_germanywestcentral_prod-s01-011-eur-germanywestcentral", "migrationStage":"NotStarted", "server":"akswtt003000005"}}
{"logTime": "0412/003348", "correlationVector":"s3w5FqpC2CvEb3Ml45X0Gd.2","action":"Commit Response", "result":"Success", "context":Result: Success. cV=s3w5FqpC2CvEb3Ml45X0Gd.0;server=akswtt003000005;cloudType=Consumer;environment=Prod_germanywestcentral_prod-s01-011-eur-germanywestcentral;migrationStage=NotStarted}
{"logTime": "0412/003448", "correlationVector":"DVi2u1Ps6lEu3dP09zHvD/","action":"Commit Request", "result":"", "context":Item count: 1
Contributing types: Extension settings}
{"logTime": "0412/003448", "correlationVector":"DVi2u1Ps6lEu3dP09zHvD/.1","action":"SyncServerConnectionManagerRequest", "result":"SYNC_SERVER_OK", "context":{"environment":"Prod_germanywestcentral_prod-s01-011-eur-germanywestcentral", "migrationStage":"NotStarted", "server":"akswtt00300000b"}}
{"logTime": "0412/003448", "correlationVector":"DVi2u1Ps6lEu3dP09zHvD/.2","action":"Commit Response", "result":"Success", "context":Result: Success. cV=DVi2u1Ps6lEu3dP09zHvD/.0;server=akswtt00300000b;cloudType=Consumer;environment=Prod_germanywestcentral_prod-s01-011-eur-germanywestcentral;migrationStage=NotStarted}
{"logTime": "0412/003450", "correlationVector":"HRMzZ6pckVzO3pxukIxSoS","action":"Commit Request", "result":"", "context":Item count: 1
Contributing types: Extension settings}
{"logTime": "0412/003451", "correlationVector":"HRMzZ6pckVzO3pxukIxSoS.1","action":"SyncServerConnectionManagerRequest", "result":"SYNC_SERVER_OK", "context":{"environment":"Prod_germanywestcentral_prod-s01-011-eur-germanywestcentral", "migrationStage":"NotStarted", "server":"akswtt00300000p"}}
{"logTime": "0412/003451", "correlationVector":"HRMzZ6pckVzO3pxukIxSoS.2","action":"Commit Response", "result":"Success", "context":Result: Success. cV=HRMzZ6pckVzO3pxukIxSoS.0;server=akswtt00300000p;cloudType=Consumer;environment=Prod_germanywestcentral_prod-s01-011-eur-germanywestcentral;migrationStage=NotStarted}
{"logTime": "0412/004125", "correlationVector":"NvvfKow7F1Flbws4ejRpNj","action":"Commit Request", "result":"", "context":Item count: 1
Contributing types: Extension settings}
{"logTime": "0412/004125", "correlationVector":"NvvfKow7F1Flbws4ejRpNj.1","action":"SyncServerConnectionManagerRequest", "result":"SYNC_SERVER_OK", "context":{"environment":"Prod_germanywestcentral_prod-s01-011-eur-germanywestcentral", "migrationStage":"NotStarted", "server":"akswtt00300000q"}}
{"logTime": "0412/004125", "correlationVector":"NvvfKow7F1Flbws4ejRpNj.2","action":"Commit Response", "result":"Success", "context":Result: Success. cV=NvvfKow7F1Flbws4ejRpNj.0;server=akswtt00300000q;cloudType=Consumer;environment=Prod_germanywestcentral_prod-s01-011-eur-germanywestcentral;migrationStage=NotStarted}
{"logTime": "0412/004249", "correlationVector":"HUWPDRd2JVAUsY98kAnFJ8","action":"Commit Request", "result":"", "context":Item count: 1
Contributing types: Extension settings}
{"logTime": "0412/004249", "correlationVector":"HUWPDRd2JVAUsY98kAnFJ8.1","action":"SyncServerConnectionManagerRequest", "result":"SYNC_SERVER_OK", "context":{"environment":"Prod_germanywestcentral_prod-s01-010-eur-germanywestcentral", "migrationStage":"NotStarted", "server":"akswtt00000000h"}}
{"logTime": "0412/004249", "correlationVector":"HUWPDRd2JVAUsY98kAnFJ8.2","action":"Commit Response", "result":"Success", "context":Result: Success. cV=HUWPDRd2JVAUsY98kAnFJ8.0;server=akswtt00000000h;cloudType=Consumer;environment=Prod_germanywestcentral_prod-s01-010-eur-germanywestcentral;migrationStage=NotStarted}
{"logTime": "0412/004349", "correlationVector":"oeZXMLs4tNRcnNsyb214h2","action":"Commit Request", "result":"", "context":Item count: 1
Contributing types: Extension settings}
{"logTime": "0412/004349", "correlationVector":"oeZXMLs4tNRcnNsyb214h2.1","action":"SyncServerConnectionManagerRequest", "result":"SYNC_SERVER_OK", "context":{"environment":"Prod_germanywestcentral_prod-s01-010-eur-germanywestcentral", "migrationStage":"NotStarted", "server":"akswtt00000000h"}}
{"logTime": "0412/004349", "correlationVector":"oeZXMLs4tNRcnNsyb214h2.2","action":"Commit Response", "result":"Success", "context":Result: Success. cV=oeZXMLs4tNRcnNsyb214h2.0;server=akswtt00000000h;cloudType=Consumer;environment=Prod_germanywestcentral_prod-s01-010-eur-germanywestcentral;migrationStage=NotStarted}
{"logTime": "0412/004351", "correlationVector":"aP1l1ZQtlKuuqqFcZt9stj","action":"Commit Request", "result":"", "context":Item count: 1
Contributing types: Extension settings}
{"logTime": "0412/004351", "correlationVector":"aP1l1ZQtlKuuqqFcZt9stj.1","action":"SyncServerConnectionManagerRequest", "result":"SYNC_SERVER_OK", "context":{"environment":"Prod_germanywestcentral_prod-s01-010-eur-germanywestcentral", "migrationStage":"NotStarted", "server":"akswtt00000000h"}}
{"logTime": "0412/004351", "correlationVector":"aP1l1ZQtlKuuqqFcZt9stj.2","action":"Commit Response", "result":"Success", "context":Result: Success. cV=aP1l1ZQtlKuuqqFcZt9stj.0;server=akswtt00000000h;cloudType=Consumer;environment=Prod_germanywestcentral_prod-s01-010-eur-germanywestcentral;migrationStage=NotStarted}
{"logTime": "0412/005025", "correlationVector":"QZOtfckY7zHwmUFPskB5ZB","action":"Commit Request", "result":"", "context":Item count: 1
Contributing types: Extension settings}
{"logTime": "0412/005026", "correlationVector":"QZOtfckY7zHwmUFPskB5ZB.1","action":"SyncServerConnectionManagerRequest", "result":"SYNC_SERVER_OK", "context":{"environment":"Prod_germanywestcentral_prod-s01-010-eur-germanywestcentral", "migrationStage":"NotStarted", "server":"akswtt00000000i"}}
{"logTime": "0412/005026", "correlationVector":"QZOtfckY7zHwmUFPskB5ZB.2","action":"Commit Response", "result":"Success", "context":Result: Success. cV=QZOtfckY7zHwmUFPskB5ZB.0;server=akswtt00000000i;cloudType=Consumer;environment=Prod_germanywestcentral_prod-s01-010-eur-germanywestcentral;migrationStage=NotStarted}
{"logTime": "0412/005149", "correlationVector":"wvQTp5IiD7xu5ck8BwZzSi","action":"Commit Request", "result":"", "context":Item count: 1
Contributing types: Extension settings}
{"logTime": "0412/005149", "correlationVector":"wvQTp5IiD7xu5ck8BwZzSi.1","action":"SyncServerConnectionManagerRequest", "result":"SYNC_SERVER_OK", "context":{"environment":"Prod_germanywestcentral_prod-s01-010-eur-germanywestcentral", "migrationStage":"NotStarted", "server":"akswtt00000000c"}}
{"logTime": "0412/005149", "correlationVector":"wvQTp5IiD7xu5ck8BwZzSi.2","action":"Commit Response", "result":"Success", "context":Result: Success. cV=wvQTp5IiD7xu5ck8BwZzSi.0;server=akswtt00000000c;cloudType=Consumer;environment=Prod_germanywestcentral_prod-s01-010-eur-germanywestcentral;migrationStage=NotStarted}
{"logTime": "0412/005250", "correlationVector":"ph9UOYNnM3WK6O8z8nDjO5","action":"Commit Request", "result":"", "context":Item count: 1
Contributing types: Extension settings}
{"logTime": "0412/005250", "correlationVector":"ph9UOYNnM3WK6O8z8nDjO5.1","action":"SyncServerConnectionManagerRequest", "result":"SYNC_SERVER_OK", "context":{"environment":"Prod_germanywestcentral_prod-s01-011-eur-germanywestcentral", "migrationStage":"NotStarted", "server":"akswtt003000003"}}
{"logTime": "0412/005250", "correlationVector":"ph9UOYNnM3WK6O8z8nDjO5.2","action":"Commit Response", "result":"Success", "context":Result: Success. cV=ph9UOYNnM3WK6O8z8nDjO5.0;server=akswtt003000003;cloudType=Consumer;environment=Prod_germanywestcentral_prod-s01-011-eur-germanywestcentral;migrationStage=NotStarted}
{"logTime": "0412/005252", "correlationVector":"+0GJxc1u8oA09Thebq6Ady","action":"Commit Request", "result":"", "context":Item count: 1
Contributing types: Extension settings}
{"logTime": "0412/005252", "correlationVector":"+0GJxc1u8oA09Thebq6Ady.1","action":"SyncServerConnectionManagerRequest", "result":"SYNC_SERVER_OK", "context":{"environment":"Prod_germanywestcentral_prod-s01-011-eur-germanywestcentral", "migrationStage":"NotStarted", "server":"akswtt003000003"}}
{"logTime": "0412/005252", "correlationVector":"+0GJxc1u8oA09Thebq6Ady.2","action":"Commit Response", "result":"Success", "context":Result: Success. cV=+0GJxc1u8oA09Thebq6Ady.0;server=akswtt003000003;cloudType=Consumer;environment=Prod_germanywestcentral_prod-s01-011-eur-germanywestcentral;migrationStage=NotStarted}
{"logTime": "0412/005926", "correlationVector":"7Atnu5dXcuK2XxonPrjem8","action":"Commit Request", "result":"", "context":Item count: 1
Contributing types: Extension settings}
{"logTime": "0412/005926", "correlationVector":"7Atnu5dXcuK2XxonPrjem8.1","action":"SyncServerConnectionManagerRequest", "result":"SYNC_SERVER_OK", "context":{"environment":"Prod_germanywestcentral_prod-s01-011-eur-germanywestcentral", "migrationStage":"NotStarted", "server":"akswtt003000003"}}
{"logTime": "0412/005926", "correlationVector":"7Atnu5dXcuK2XxonPrjem8.2","action":"Commit Response", "result":"Success", "context":Result: Success. cV=7Atnu5dXcuK2XxonPrjem8.0;server=akswtt003000003;cloudType=Consumer;environment=Prod_germanywestcentral_prod-s01-011-eur-germanywestcentral;migrationStage=NotStarted}
{"logTime": "0412/010050", "correlationVector":"FfK2eg1Vcixv+LpGM/nCfT","action":"Commit Request", "result":"", "context":Item count: 1
Contributing types: Extension settings}
{"logTime": "0412/010050", "correlationVector":"FfK2eg1Vcixv+LpGM/nCfT.1","action":"SyncServerConnectionManagerRequest", "result":"SYNC_SERVER_OK", "context":{"environment":"Prod_germanywestcentral_prod-s01-011-eur-germanywestcentral", "migrationStage":"NotStarted", "server":"akswtt003000009"}}
{"logTime": "0412/010050", "correlationVector":"FfK2eg1Vcixv+LpGM/nCfT.2","action":"Commit Response", "result":"Success", "context":Result: Success. cV=FfK2eg1Vcixv+LpGM/nCfT.0;server=akswtt003000009;cloudType=Consumer;environment=Prod_germanywestcentral_prod-s01-011-eur-germanywestcentral;migrationStage=NotStarted}
{"logTime": "0412/010150", "correlationVector":"MzHmiMoDx2jZRZsC1xSoUp","action":"Commit Request", "result":"", "context":Item count: 1
Contributing types: Extension settings}
{"logTime": "0412/010151", "correlationVector":"MzHmiMoDx2jZRZsC1xSoUp.1","action":"SyncServerConnectionManagerRequest", "result":"SYNC_SERVER_OK", "context":{"environment":"Prod_germanywestcentral_prod-s01-011-eur-germanywestcentral", "migrationStage":"NotStarted", "server":"akswtt003000003"}}
{"logTime": "0412/010151", "correlationVector":"MzHmiMoDx2jZRZsC1xSoUp.2","action":"Commit Response", "result":"Success", "context":Result: Success. cV=MzHmiMoDx2jZRZsC1xSoUp.0;server=akswtt003000003;cloudType=Consumer;environment=Prod_germanywestcentral_prod-s01-011-eur-germanywestcentral;migrationStage=NotStarted}
{"logTime": "0412/010152", "correlationVector":"5tIFOg8L97hhuu3QknVa9E","action":"Commit Request", "result":"", "context":Item count: 1
Contributing types: Extension settings}
{"logTime": "0412/010153", "correlationVector":"5tIFOg8L97hhuu3QknVa9E.1","action":"SyncServerConnectionManagerRequest", "result":"SYNC_SERVER_OK", "context":{"environment":"Prod_germanywestcentral_prod-s01-011-eur-germanywestcentral", "migrationStage":"NotStarted", "server":"akswtt003000009"}}
{"logTime": "0412/010153", "correlationVector":"5tIFOg8L97hhuu3QknVa9E.2","action":"Commit Response", "result":"Success", "context":Result: Success. cV=5tIFOg8L97hhuu3QknVa9E.0;server=akswtt003000009;cloudType=Consumer;environment=Prod_germanywestcentral_prod-s01-011-eur-germanywestcentral;migrationStage=NotStarted}
{"logTime": "0412/010827", "correlationVector":"EFr8uA1f6dVgRBl87y03xq","action":"Commit Request", "result":"", "context":Item count: 1
Contributing types: Extension settings}
{"logTime": "0412/010827", "correlationVector":"EFr8uA1f6dVgRBl87y03xq.1","action":"SyncServerConnectionManagerRequest", "result":"SYNC_SERVER_OK", "context":{"environment":"Prod_germanywestcentral_prod-s01-011-eur-germanywestcentral", "migrationStage":"NotStarted", "server":"akswtt00300000k"}}
{"logTime": "0412/010827", "correlationVector":"EFr8uA1f6dVgRBl87y03xq.2","action":"Commit Response", "result":"Success", "context":Result: Success. cV=EFr8uA1f6dVgRBl87y03xq.0;server=akswtt00300000k;cloudType=Consumer;environment=Prod_germanywestcentral_prod-s01-011-eur-germanywestcentral;migrationStage=NotStarted}
{"logTime": "0412/010951", "correlationVector":"fCwlYSB3HNNQVRtaQoagGW","action":"Commit Request", "result":"", "context":Item count: 1
Contributing types: Extension settings}
{"logTime": "0412/010951", "correlationVector":"fCwlYSB3HNNQVRtaQoagGW.1","action":"SyncServerConnectionManagerRequest", "result":"SYNC_SERVER_OK", "context":{"environment":"Prod_germanywestcentral_prod-s01-011-eur-germanywestcentral", "migrationStage":"NotStarted", "server":"akswtt003000005"}}
{"logTime": "0412/010951", "correlationVector":"fCwlYSB3HNNQVRtaQoagGW.2","action":"Commit Response", "result":"Success", "context":Result: Success. cV=fCwlYSB3HNNQVRtaQoagGW.0;server=akswtt003000005;cloudType=Consumer;environment=Prod_germanywestcentral_prod-s01-011-eur-germanywestcentral;migrationStage=NotStarted}
{"logTime": "0412/011051", "correlationVector":"FhWka2HrilEa7h4U6Rf+b/","action":"Commit Request", "result":"", "context":Item count: 1
Contributing types: Extension settings}
{"logTime": "0412/011051", "correlationVector":"FhWka2HrilEa7h4U6Rf+b/.1","action":"SyncServerConnectionManagerRequest", "result":"SYNC_SERVER_OK", "context":{"environment":"Prod_germanywestcentral_prod-s01-011-eur-germanywestcentral", "migrationStage":"NotStarted", "server":"akswtt00300000i"}}
{"logTime": "0412/011051", "correlationVector":"FhWka2HrilEa7h4U6Rf+b/.2","action":"Commit Response", "result":"Success", "context":Result: Success. cV=FhWka2HrilEa7h4U6Rf+b/.0;server=akswtt00300000i;cloudType=Consumer;environment=Prod_germanywestcentral_prod-s01-011-eur-germanywestcentral;migrationStage=NotStarted}
{"logTime": "0412/011053", "correlationVector":"7POT1zEfaxCw8u6+tZWQrn","action":"Commit Request", "result":"", "context":Item count: 1
Contributing types: Extension settings}
{"logTime": "0412/011053", "correlationVector":"7POT1zEfaxCw8u6+tZWQrn.1","action":"SyncServerConnectionManagerRequest", "result":"SYNC_SERVER_OK", "context":{"environment":"Prod_germanywestcentral_prod-s01-011-eur-germanywestcentral", "migrationStage":"NotStarted", "server":"akswtt003000005"}}
{"logTime": "0412/011053", "correlationVector":"7POT1zEfaxCw8u6+tZWQrn.2","action":"Commit Response", "result":"Success", "context":Result: Success. cV=7POT1zEfaxCw8u6+tZWQrn.0;server=akswtt003000005;cloudType=Consumer;environment=Prod_germanywestcentral_prod-s01-011-eur-germanywestcentral;migrationStage=NotStarted}
{"logTime": "0412/011727", "correlationVector":"qS6N2ldLV8C2APJmq6EIbc","action":"Commit Request", "result":"", "context":Item count: 1
Contributing types: Extension settings}
{"logTime": "0412/011757", "correlationVector":"qS6N2ldLV8C2APJmq6EIbc","action":"SyncServerConnectionManagerRequest", "result":"CONNECTION_UNAVAILABLE", "context":{"error_type":"net_error_code", "error_value":"-7"}}
{"logTime": "0412/011757", "correlationVector":"T9yto6DrJsRIJn1shjBFCV.0","action":"Commit Response", "result":"Network error (ERR_TIMED_OUT)", "context":Result: Network error (ERR_TIMED_OUT). }
{"logTime": "0412/011759", "correlationVector":"ToLkRfTMDvDd6CrXfe2bVQ","action":"Commit Request", "result":"", "context":Item count: 1
Contributing types: Extension settings}
{"logTime": "0412/011829", "correlationVector":"ToLkRfTMDvDd6CrXfe2bVQ","action":"SyncServerConnectionManagerRequest", "result":"CONNECTION_UNAVAILABLE", "context":{"error_type":"net_error_code", "error_value":"-7"}}
{"logTime": "0412/011829", "correlationVector":"q8eUUQDuu53aLhvmo6UIrg.0","action":"Commit Response", "result":"Network error (ERR_TIMED_OUT)", "context":Result: Network error (ERR_TIMED_OUT). }
{"logTime": "0412/011831", "correlationVector":"bzuOEiR5iOGjmzrboAAoFB","action":"Commit Request", "result":"", "context":Item count: 1
Contributing types: Extension settings}
{"logTime": "0412/011901", "correlationVector":"bzuOEiR5iOGjmzrboAAoFB","action":"SyncServerConnectionManagerRequest", "result":"CONNECTION_UNAVAILABLE", "context":{"error_type":"net_error_code", "error_value":"-7"}}
{"logTime": "0412/011901", "correlationVector":"eAnNxjU0W+FS6fz/rF+d6+.0","action":"Commit Response", "result":"Network error (ERR_TIMED_OUT)", "context":Result: Network error (ERR_TIMED_OUT). }
{"logTime": "0412/011905", "correlationVector":"HcSdtGrwP+2cAdyHw2MGnG","action":"Commit Request", "result":"", "context":Item count: 1
Contributing types: Extension settings}
{"logTime": "0412/011935", "correlationVector":"HcSdtGrwP+2cAdyHw2MGnG","action":"SyncServerConnectionManagerRequest", "result":"CONNECTION_UNAVAILABLE", "context":{"error_type":"net_error_code", "error_value":"-7"}}
{"logTime": "0412/011935", "correlationVector":"/WZ/vxSxgOGZSfd9Ca54af.0","action":"Commit Response", "result":"Network error (ERR_TIMED_OUT)", "context":Result: Network error (ERR_TIMED_OUT). }
{"logTime": "0412/011940", "correlationVector":"x7EB27k835O54mMAczn2lI","action":"Commit Request", "result":"", "context":Item count: 1
Contributing types: Extension settings}
{"logTime": "0412/012010", "correlationVector":"x7EB27k835O54mMAczn2lI","action":"SyncServerConnectionManagerRequest", "result":"CONNECTION_UNAVAILABLE", "context":{"error_type":"net_error_code", "error_value":"-7"}}
{"logTime": "0412/012010", "correlationVector":"sqFbcE0ra5xu325n/WceZD.0","action":"Commit Response", "result":"Network error (ERR_TIMED_OUT)", "context":Result: Network error (ERR_TIMED_OUT). }
{"logTime": "0412/012022", "correlationVector":"u/Mn2lUaMNX9N+bhA1YFkB","action":"Commit Request", "result":"", "context":Item count: 1
Contributing types: Extension settings}
{"logTime": "0412/012052", "correlationVector":"u/Mn2lUaMNX9N+bhA1YFkB","action":"SyncServerConnectionManagerRequest", "result":"CONNECTION_UNAVAILABLE", "context":{"error_type":"net_error_code", "error_value":"-7"}}
{"logTime": "0412/012052", "correlationVector":"jITgu9JczAfSXDh/RysHCX.0","action":"Commit Response", "result":"Network error (ERR_TIMED_OUT)", "context":Result: Network error (ERR_TIMED_OUT). }
{"logTime": "0412/012124", "correlationVector":"WlCHbUbm6qNR+E1vEPRFN8","action":"Commit Request", "result":"", "context":Item count: 1
Contributing types: Extension settings}
{"logTime": "0412/012154", "correlationVector":"WlCHbUbm6qNR+E1vEPRFN8","action":"SyncServerConnectionManagerRequest", "result":"CONNECTION_UNAVAILABLE", "context":{"error_type":"net_error_code", "error_value":"-7"}}
{"logTime": "0412/012154", "correlationVector":"wps5aSDL7///A+lKEhvTZN.0","action":"Commit Response", "result":"Network error (ERR_TIMED_OUT)", "context":Result: Network error (ERR_TIMED_OUT). }
{"logTime": "0412/012242", "correlationVector":"E2MKlGnf2y2gPu9Gpy8Ilm","action":"Commit Request", "result":"", "context":Item count: 1
Contributing types: Extension settings}
{"logTime": "0412/012302", "correlationVector":"E2MKlGnf2y2gPu9Gpy8Ilm.1","action":"SyncServerConnectionManagerRequest", "result":"SYNC_SERVER_OK", "context":{"environment":"Prod_germanywestcentral_prod-s01-011-eur-germanywestcentral", "migrationStage":"NotStarted", "server":"akswtt00300000d"}}
{"logTime": "0412/012302", "correlationVector":"E2MKlGnf2y2gPu9Gpy8Ilm.2","action":"Commit Response", "result":"Success", "context":Result: Success. cV=E2MKlGnf2y2gPu9Gpy8Ilm.0;server=akswtt00300000d;cloudType=Consumer;environment=Prod_germanywestcentral_prod-s01-011-eur-germanywestcentral;migrationStage=NotStarted}
{"logTime": "0412/012528", "correlationVector":"uWe5XpL1/fX28Gkc7fwEE1","action":"Commit Request", "result":"", "context":Item count: 1
Contributing types: Extension settings}
{"logTime": "0412/012529", "correlationVector":"uWe5XpL1/fX28Gkc7fwEE1.1","action":"SyncServerConnectionManagerRequest", "result":"SYNC_SERVER_OK", "context":{"environment":"Prod_germanywestcentral_prod-s01-010-eur-germanywestcentral", "migrationStage":"NotStarted", "server":"akswtt00000000c"}}
{"logTime": "0412/012529", "correlationVector":"uWe5XpL1/fX28Gkc7fwEE1.2","action":"Commit Response", "result":"Success", "context":Result: Success. cV=uWe5XpL1/fX28Gkc7fwEE1.0;server=akswtt00000000c;cloudType=Consumer;environment=Prod_germanywestcentral_prod-s01-010-eur-germanywestcentral;migrationStage=NotStarted}
{"logTime": "0412/012652", "correlationVector":"smA6QvHfDLKpCfyjGxsIkq","action":"Commit Request", "result":"", "context":Item count: 1
Contributing types: Extension settings}
{"logTime": "0412/012712", "correlationVector":"smA6QvHfDLKpCfyjGxsIkq.1","action":"SyncServerConnectionManagerRequest", "result":"SYNC_SERVER_OK", "context":{"environment":"Prod_germanywestcentral_prod-s01-011-eur-germanywestcentral", "migrationStage":"NotStarted", "server":"akswtt00300000h"}}
{"logTime": "0412/012712", "correlationVector":"smA6QvHfDLKpCfyjGxsIkq.2","action":"Commit Response", "result":"Success", "context":Result: Success. cV=smA6QvHfDLKpCfyjGxsIkq.0;server=akswtt00300000h;cloudType=Consumer;environment=Prod_germanywestcentral_prod-s01-011-eur-germanywestcentral;migrationStage=NotStarted}
{"logTime": "0412/012752", "correlationVector":"fxYYK4hQ29rqmjBNccdNG1","action":"Commit Request", "result":"", "context":Item count: 1
Contributing types: Extension settings}
{"logTime": "0412/012752", "correlationVector":"fxYYK4hQ29rqmjBNccdNG1.1","action":"SyncServerConnectionManagerRequest", "result":"SYNC_SERVER_OK", "context":{"environment":"Prod_germanywestcentral_prod-s01-011-eur-germanywestcentral", "migrationStage":"NotStarted", "server":"akswtt003000001"}}
{"logTime": "0412/012752", "correlationVector":"fxYYK4hQ29rqmjBNccdNG1.2","action":"Commit Response", "result":"Success", "context":Result: Success. cV=fxYYK4hQ29rqmjBNccdNG1.0;server=akswtt003000001;cloudType=Consumer;environment=Prod_germanywestcentral_prod-s01-011-eur-germanywestcentral;migrationStage=NotStarted}
{"logTime": "0412/012754", "correlationVector":"XKVmTkfoTm2aRDvr85jvtA","action":"Commit Request", "result":"", "context":Item count: 1
Contributing types: Extension settings}
{"logTime": "0412/012754", "correlationVector":"XKVmTkfoTm2aRDvr85jvtA.1","action":"SyncServerConnectionManagerRequest", "result":"SYNC_SERVER_OK", "context":{"environment":"Prod_germanywestcentral_prod-s01-011-eur-germanywestcentral", "migrationStage":"NotStarted", "server":"akswtt003000001"}}
{"logTime": "0412/012754", "correlationVector":"XKVmTkfoTm2aRDvr85jvtA.2","action":"Commit Response", "result":"Success", "context":Result: Success. cV=XKVmTkfoTm2aRDvr85jvtA.0;server=akswtt003000001;cloudType=Consumer;environment=Prod_germanywestcentral_prod-s01-011-eur-germanywestcentral;migrationStage=NotStarted}
{"logTime": "0412/013428", "correlationVector":"RJPpaZgh54uw84usqRnFT3","action":"Commit Request", "result":"", "context":Item count: 1
Contributing types: Extension settings}
{"logTime": "0412/013429", "correlationVector":"RJPpaZgh54uw84usqRnFT3.1","action":"SyncServerConnectionManagerRequest", "result":"SYNC_SERVER_OK", "context":{"environment":"Prod_germanywestcentral_prod-s01-010-eur-germanywestcentral", "migrationStage":"NotStarted", "server":"akswtt000000001"}}
{"logTime": "0412/013429", "correlationVector":"RJPpaZgh54uw84usqRnFT3.2","action":"Commit Response", "result":"Success", "context":Result: Success. cV=RJPpaZgh54uw84usqRnFT3.0;server=akswtt000000001;cloudType=Consumer;environment=Prod_germanywestcentral_prod-s01-010-eur-germanywestcentral;migrationStage=NotStarted}
{"logTime": "0412/013552", "correlationVector":"mqyYbwH+U5XSK/zBhreebU","action":"Commit Request", "result":"", "context":Item count: 1
Contributing types: Extension settings}
{"logTime": "0412/013553", "correlationVector":"mqyYbwH+U5XSK/zBhreebU.1","action":"SyncServerConnectionManagerRequest", "result":"SYNC_SERVER_OK", "context":{"environment":"Prod_germanywestcentral_prod-s01-010-eur-germanywestcentral", "migrationStage":"NotStarted", "server":"akswtt00000001b"}}
{"logTime": "0412/013553", "correlationVector":"mqyYbwH+U5XSK/zBhreebU.2","action":"Commit Response", "result":"Success", "context":Result: Success. cV=mqyYbwH+U5XSK/zBhreebU.0;server=akswtt00000001b;cloudType=Consumer;environment=Prod_germanywestcentral_prod-s01-010-eur-germanywestcentral;migrationStage=NotStarted}
{"logTime": "0412/013653", "correlationVector":"jo+UPUiPgPB7xYcq/irqjI","action":"Commit Request", "result":"", "context":Item count: 1
Contributing types: Extension settings}
{"logTime": "0412/013653", "correlationVector":"jo+UPUiPgPB7xYcq/irqjI.1","action":"SyncServerConnectionManagerRequest", "result":"SYNC_SERVER_OK", "context":{"environment":"Prod_germanywestcentral_prod-s01-010-eur-germanywestcentral", "migrationStage":"NotStarted", "server":"akswtt00000001b"}}
{"logTime": "0412/013653", "correlationVector":"jo+UPUiPgPB7xYcq/irqjI.2","action":"Commit Response", "result":"Success", "context":Result: Success. cV=jo+UPUiPgPB7xYcq/irqjI.0;server=akswtt00000001b;cloudType=Consumer;environment=Prod_germanywestcentral_prod-s01-010-eur-germanywestcentral;migrationStage=NotStarted}
{"logTime": "0412/013655", "correlationVector":"BCW5XMQcnTvIw9SsCYjAzS","action":"Commit Request", "result":"", "context":Item count: 1
Contributing types: Extension settings}
{"logTime": "0412/013655", "correlationVector":"BCW5XMQcnTvIw9SsCYjAzS.1","action":"SyncServerConnectionManagerRequest", "result":"SYNC_SERVER_OK", "context":{"environment":"Prod_germanywestcentral_prod-s01-010-eur-germanywestcentral", "migrationStage":"NotStarted", "server":"akswtt00000000i"}}
{"logTime": "0412/013655", "correlationVector":"BCW5XMQcnTvIw9SsCYjAzS.2","action":"Commit Response", "result":"Success", "context":Result: Success. cV=BCW5XMQcnTvIw9SsCYjAzS.0;server=akswtt00000000i;cloudType=Consumer;environment=Prod_germanywestcentral_prod-s01-010-eur-germanywestcentral;migrationStage=NotStarted}
{"logTime": "0412/014329", "correlationVector":"810kt2zPWLyrWRNlwq6IzJ","action":"Commit Request", "result":"", "context":Item count: 1
Contributing types: Extension settings}
{"logTime": "0412/014330", "correlationVector":"810kt2zPWLyrWRNlwq6IzJ.1","action":"SyncServerConnectionManagerRequest", "result":"SYNC_SERVER_OK", "context":{"environment":"Prod_germanywestcentral_prod-s01-010-eur-germanywestcentral", "migrationStage":"NotStarted", "server":"akswtt00000001b"}}
{"logTime": "0412/014330", "correlationVector":"810kt2zPWLyrWRNlwq6IzJ.2","action":"Commit Response", "result":"Success", "context":Result: Success. cV=810kt2zPWLyrWRNlwq6IzJ.0;server=akswtt00000001b;cloudType=Consumer;environment=Prod_germanywestcentral_prod-s01-010-eur-germanywestcentral;migrationStage=NotStarted}
{"logTime": "0412/014453", "correlationVector":"0YVIRdju9u+uFvn91KjYD0","action":"Commit Request", "result":"", "context":Item count: 1
Contributing types: Extension settings}
{"logTime": "0412/014453", "correlationVector":"0YVIRdju9u+uFvn91KjYD0.1","action":"SyncServerConnectionManagerRequest", "result":"SYNC_SERVER_OK", "context":{"environment":"Prod_germanywestcentral_prod-s01-010-eur-germanywestcentral", "migrationStage":"NotStarted", "server":"akswtt00000001b"}}
{"logTime": "0412/014453", "correlationVector":"0YVIRdju9u+uFvn91KjYD0.2","action":"Commit Response", "result":"Success", "context":Result: Success. cV=0YVIRdju9u+uFvn91KjYD0.0;server=akswtt00000001b;cloudType=Consumer;environment=Prod_germanywestcentral_prod-s01-010-eur-germanywestcentral;migrationStage=NotStarted}
{"logTime": "0412/014553", "correlationVector":"n0iLuPtInX8ZqGOZyB/gLb","action":"Commit Request", "result":"", "context":Item count: 1
Contributing types: Extension settings}
{"logTime": "0412/014604", "correlationVector":"n0iLuPtInX8ZqGOZyB/gLb.1","action":"SyncServerConnectionManagerRequest", "result":"SYNC_SERVER_OK", "context":{"environment":"Prod_germanywestcentral_prod-s01-010-eur-germanywestcentral", "migrationStage":"NotStarted", "server":"akswtt00000000e"}}
{"logTime": "0412/014604", "correlationVector":"n0iLuPtInX8ZqGOZyB/gLb.2","action":"Commit Response", "result":"Success", "context":Result: Success. cV=n0iLuPtInX8ZqGOZyB/gLb.0;server=akswtt00000000e;cloudType=Consumer;environment=Prod_germanywestcentral_prod-s01-010-eur-germanywestcentral;migrationStage=NotStarted}
{"logTime": "0412/014604", "correlationVector":"vLJbcKkN2sVSq/Yz6wbXxw","action":"Commit Request", "result":"", "context":Item count: 1
Contributing types: Extension settings}
{"logTime": "0412/014604", "correlationVector":"vLJbcKkN2sVSq/Yz6wbXxw.1","action":"SyncServerConnectionManagerRequest", "result":"SYNC_SERVER_OK", "context":{"environment":"Prod_germanywestcentral_prod-s01-010-eur-germanywestcentral", "migrationStage":"NotStarted", "server":"akswtt00000000h"}}
{"logTime": "0412/014604", "correlationVector":"vLJbcKkN2sVSq/Yz6wbXxw.2","action":"Commit Response", "result":"Success", "context":Result: Success. cV=vLJbcKkN2sVSq/Yz6wbXxw.0;server=akswtt00000000h;cloudType=Consumer;environment=Prod_germanywestcentral_prod-s01-010-eur-germanywestcentral;migrationStage=NotStarted}
{"logTime": "0412/015230", "correlationVector":"Hc0MCPMUOchNjVRdpGPcsQ","action":"Commit Request", "result":"", "context":Item count: 1
Contributing types: Extension settings}
{"logTime": "0412/015230", "correlationVector":"Hc0MCPMUOchNjVRdpGPcsQ.1","action":"SyncServerConnectionManagerRequest", "result":"SYNC_SERVER_OK", "context":{"environment":"Prod_germanywestcentral_prod-s01-011-eur-germanywestcentral", "migrationStage":"NotStarted", "server":"akswtt00300000k"}}
{"logTime": "0412/015230", "correlationVector":"Hc0MCPMUOchNjVRdpGPcsQ.2","action":"Commit Response", "result":"Success", "context":Result: Success. cV=Hc0MCPMUOchNjVRdpGPcsQ.0;server=akswtt00300000k;cloudType=Consumer;environment=Prod_germanywestcentral_prod-s01-011-eur-germanywestcentral;migrationStage=NotStarted}
{"logTime": "0412/015354", "correlationVector":"Wefbm4JL5MIV9HxpS8jahd","action":"Commit Request", "result":"", "context":Item count: 1
Contributing types: Extension settings}
{"logTime": "0412/015354", "correlationVector":"Wefbm4JL5MIV9HxpS8jahd.1","action":"SyncServerConnectionManagerRequest", "result":"SYNC_SERVER_OK", "context":{"environment":"Prod_germanywestcentral_prod-s01-011-eur-germanywestcentral", "migrationStage":"NotStarted", "server":"akswtt003000008"}}
{"logTime": "0412/015354", "correlationVector":"Wefbm4JL5MIV9HxpS8jahd.2","action":"Commit Response", "result":"Success", "context":Result: Success. cV=Wefbm4JL5MIV9HxpS8jahd.0;server=akswtt003000008;cloudType=Consumer;environment=Prod_germanywestcentral_prod-s01-011-eur-germanywestcentral;migrationStage=NotStarted}
{"logTime": "0412/015454", "correlationVector":"hH4r6CsSaWDhjvD6+CGo39","action":"Commit Request", "result":"", "context":Item count: 1
Contributing types: Extension settings}
{"logTime": "0412/015454", "correlationVector":"hH4r6CsSaWDhjvD6+CGo39.1","action":"SyncServerConnectionManagerRequest", "result":"SYNC_SERVER_OK", "context":{"environment":"Prod_germanywestcentral_prod-s01-011-eur-germanywestcentral", "migrationStage":"NotStarted", "server":"akswtt003000008"}}
{"logTime": "0412/015454", "correlationVector":"hH4r6CsSaWDhjvD6+CGo39.2","action":"Commit Response", "result":"Success", "context":Result: Success. cV=hH4r6CsSaWDhjvD6+CGo39.0;server=akswtt003000008;cloudType=Consumer;environment=Prod_germanywestcentral_prod-s01-011-eur-germanywestcentral;migrationStage=NotStarted}
{"logTime": "0412/015456", "correlationVector":"7fnlgV174PQWxNKuzhjV6c","action":"Commit Request", "result":"", "context":Item count: 1
Contributing types: Extension settings}
{"logTime": "0412/015456", "correlationVector":"7fnlgV174PQWxNKuzhjV6c.1","action":"SyncServerConnectionManagerRequest", "result":"SYNC_SERVER_OK", "context":{"environment":"Prod_germanywestcentral_prod-s01-011-eur-germanywestcentral", "migrationStage":"NotStarted", "server":"akswtt003000008"}}
{"logTime": "0412/015456", "correlationVector":"7fnlgV174PQWxNKuzhjV6c.2","action":"Commit Response", "result":"Success", "context":Result: Success. cV=7fnlgV174PQWxNKuzhjV6c.0;server=akswtt003000008;cloudType=Consumer;environment=Prod_germanywestcentral_prod-s01-011-eur-germanywestcentral;migrationStage=NotStarted}
{"logTime": "0412/020130", "correlationVector":"Ok5eWZ3bz2bFajbHRbB5rI","action":"Commit Request", "result":"", "context":Item count: 1
Contributing types: Extension settings}
{"logTime": "0412/020131", "correlationVector":"Ok5eWZ3bz2bFajbHRbB5rI.1","action":"SyncServerConnectionManagerRequest", "result":"SYNC_SERVER_OK", "context":{"environment":"Prod_germanywestcentral_prod-s01-011-eur-germanywestcentral", "migrationStage":"NotStarted", "server":"akswtt003000008"}}
{"logTime": "0412/020131", "correlationVector":"Ok5eWZ3bz2bFajbHRbB5rI.2","action":"Commit Response", "result":"Success", "context":Result: Success. cV=Ok5eWZ3bz2bFajbHRbB5rI.0;server=akswtt003000008;cloudType=Consumer;environment=Prod_germanywestcentral_prod-s01-011-eur-germanywestcentral;migrationStage=NotStarted}
{"logTime": "0412/020231", "correlationVector":"28kIr/mojc21/FlVDf1ndM","action":"Commit Request", "result":"", "context":Item count: 1
Contributing types: Extension settings}
{"logTime": "0412/020231", "correlationVector":"28kIr/mojc21/FlVDf1ndM.1","action":"SyncServerConnectionManagerRequest", "result":"SYNC_SERVER_OK", "context":{"environment":"Prod_germanywestcentral_prod-s01-011-eur-germanywestcentral", "migrationStage":"NotStarted", "server":"akswtt00300000d"}}
{"logTime": "0412/020231", "correlationVector":"28kIr/mojc21/FlVDf1ndM.2","action":"Commit Response", "result":"Success", "context":Result: Success. cV=28kIr/mojc21/FlVDf1ndM.0;server=akswtt00300000d;cloudType=Consumer;environment=Prod_germanywestcentral_prod-s01-011-eur-germanywestcentral;migrationStage=NotStarted}
{"logTime": "0412/020233", "correlationVector":"suC5GrKJf+z/+LuDuACoic","action":"Commit Request", "result":"", "context":Item count: 1
Contributing types: Extension settings}
{"logTime": "0412/020233", "correlationVector":"suC5GrKJf+z/+LuDuACoic.1","action":"SyncServerConnectionManagerRequest", "result":"SYNC_SERVER_OK", "context":{"environment":"Prod_germanywestcentral_prod-s01-011-eur-germanywestcentral", "migrationStage":"NotStarted", "server":"akswtt003000008"}}
{"logTime": "0412/020233", "correlationVector":"suC5GrKJf+z/+LuDuACoic.2","action":"Commit Response", "result":"Success", "context":Result: Success. cV=suC5GrKJf+z/+LuDuACoic.0;server=akswtt003000008;cloudType=Consumer;environment=Prod_germanywestcentral_prod-s01-011-eur-germanywestcentral;migrationStage=NotStarted}
{"logTime": "0412/020907", "correlationVector":"eJSb+XIHS59F6R487en4oD","action":"Commit Request", "result":"", "context":Item count: 1
Contributing types: Extension settings}
{"logTime": "0412/020907", "correlationVector":"eJSb+XIHS59F6R487en4oD.1","action":"SyncServerConnectionManagerRequest", "result":"SYNC_SERVER_OK", "context":{"environment":"Prod_germanywestcentral_prod-s01-011-eur-germanywestcentral", "migrationStage":"NotStarted", "server":"akswtt00300000e"}}
{"logTime": "0412/020907", "correlationVector":"eJSb+XIHS59F6R487en4oD.2","action":"Commit Response", "result":"Success", "context":Result: Success. cV=eJSb+XIHS59F6R487en4oD.0;server=akswtt00300000e;cloudType=Consumer;environment=Prod_germanywestcentral_prod-s01-011-eur-germanywestcentral;migrationStage=NotStarted}
{"logTime": "0412/021031", "correlationVector":"c+UWVpTfpQwnUwv2NUXr/o","action":"Commit Request", "result":"", "context":Item count: 1
Contributing types: Extension settings}
{"logTime": "0412/021031", "correlationVector":"c+UWVpTfpQwnUwv2NUXr/o.1","action":"SyncServerConnectionManagerRequest", "result":"SYNC_SERVER_OK", "context":{"environment":"Prod_germanywestcentral_prod-s01-011-eur-germanywestcentral", "migrationStage":"NotStarted", "server":"akswtt003000003"}}
{"logTime": "0412/021031", "correlationVector":"c+UWVpTfpQwnUwv2NUXr/o.2","action":"Commit Response", "result":"Success", "context":Result: Success. cV=c+UWVpTfpQwnUwv2NUXr/o.0;server=akswtt003000003;cloudType=Consumer;environment=Prod_germanywestcentral_prod-s01-011-eur-germanywestcentral;migrationStage=NotStarted}
{"logTime": "0412/021131", "correlationVector":"Touh5LI6iMni6GCNXep6xl","action":"Commit Request", "result":"", "context":Item count: 1
Contributing types: Extension settings}
{"logTime": "0412/021132", "correlationVector":"Touh5LI6iMni6GCNXep6xl.1","action":"SyncServerConnectionManagerRequest", "result":"SYNC_SERVER_OK", "context":{"environment":"Prod_germanywestcentral_prod-s01-011-eur-germanywestcentral", "migrationStage":"NotStarted", "server":"akswtt00300000c"}}
{"logTime": "0412/021132", "correlationVector":"Touh5LI6iMni6GCNXep6xl.2","action":"Commit Response", "result":"Success", "context":Result: Success. cV=Touh5LI6iMni6GCNXep6xl.0;server=akswtt00300000c;cloudType=Consumer;environment=Prod_germanywestcentral_prod-s01-011-eur-germanywestcentral;migrationStage=NotStarted}
{"logTime": "0412/021134", "correlationVector":"M4BrlbRKVzKYtPQsrxtmBz","action":"Commit Request", "result":"", "context":Item count: 1
Contributing types: Extension settings}
{"logTime": "0412/021134", "correlationVector":"M4BrlbRKVzKYtPQsrxtmBz.1","action":"SyncServerConnectionManagerRequest", "result":"SYNC_SERVER_OK", "context":{"environment":"Prod_germanywestcentral_prod-s01-011-eur-germanywestcentral", "migrationStage":"NotStarted", "server":"akswtt003000003"}}
{"logTime": "0412/021134", "correlationVector":"M4BrlbRKVzKYtPQsrxtmBz.2","action":"Commit Response", "result":"Success", "context":Result: Success. cV=M4BrlbRKVzKYtPQsrxtmBz.0;server=akswtt003000003;cloudType=Consumer;environment=Prod_germanywestcentral_prod-s01-011-eur-germanywestcentral;migrationStage=NotStarted}
{"logTime": "0412/021808", "correlationVector":"Lw905+GLG1WL01qfnq4fOp","action":"Commit Request", "result":"", "context":Item count: 1
Contributing types: Extension settings}
{"logTime": "0412/021808", "correlationVector":"Lw905+GLG1WL01qfnq4fOp.1","action":"SyncServerConnectionManagerRequest", "result":"SYNC_SERVER_OK", "context":{"environment":"Prod_germanywestcentral_prod-s01-010-eur-germanywestcentral", "migrationStage":"NotStarted", "server":"akswtt00000000k"}}
{"logTime": "0412/021808", "correlationVector":"Lw905+GLG1WL01qfnq4fOp.2","action":"Commit Response", "result":"Success", "context":Result: Success. cV=Lw905+GLG1WL01qfnq4fOp.0;server=akswtt00000000k;cloudType=Consumer;environment=Prod_germanywestcentral_prod-s01-010-eur-germanywestcentral;migrationStage=NotStarted}
{"logTime": "0412/021932", "correlationVector":"58KBq7gwlJ6F5vPFrwNf9S","action":"Commit Request", "result":"", "context":Item count: 1
Contributing types: Extension settings}
{"logTime": "0412/021932", "correlationVector":"58KBq7gwlJ6F5vPFrwNf9S.1","action":"SyncServerConnectionManagerRequest", "result":"SYNC_SERVER_OK", "context":{"environment":"Prod_germanywestcentral_prod-s01-010-eur-germanywestcentral", "migrationStage":"NotStarted", "server":"akswtt000000004"}}
{"logTime": "0412/021932", "correlationVector":"58KBq7gwlJ6F5vPFrwNf9S.2","action":"Commit Response", "result":"Success", "context":Result: Success. cV=58KBq7gwlJ6F5vPFrwNf9S.0;server=akswtt000000004;cloudType=Consumer;environment=Prod_germanywestcentral_prod-s01-010-eur-germanywestcentral;migrationStage=NotStarted}
{"logTime": "0412/022032", "correlationVector":"8JdhoRBHdDjWJOuBSUvEl3","action":"Commit Request", "result":"", "context":Item count: 1
Contributing types: Extension settings}
{"logTime": "0412/022032", "correlationVector":"8JdhoRBHdDjWJOuBSUvEl3.1","action":"SyncServerConnectionManagerRequest", "result":"SYNC_SERVER_OK", "context":{"environment":"Prod_germanywestcentral_prod-s01-010-eur-germanywestcentral", "migrationStage":"NotStarted", "server":"akswtt000000000"}}
{"logTime": "0412/022032", "correlationVector":"8JdhoRBHdDjWJOuBSUvEl3.2","action":"Commit Response", "result":"Success", "context":Result: Success. cV=8JdhoRBHdDjWJOuBSUvEl3.0;server=akswtt000000000;cloudType=Consumer;environment=Prod_germanywestcentral_prod-s01-010-eur-germanywestcentral;migrationStage=NotStarted}
{"logTime": "0412/022034", "correlationVector":"dgM+iTkkzNfWn1qZYtdfKh","action":"Commit Request", "result":"", "context":Item count: 1
Contributing types: Extension settings}
{"logTime": "0412/022034", "correlationVector":"dgM+iTkkzNfWn1qZYtdfKh.1","action":"SyncServerConnectionManagerRequest", "result":"SYNC_SERVER_OK", "context":{"environment":"Prod_germanywestcentral_prod-s01-010-eur-germanywestcentral", "migrationStage":"NotStarted", "server":"akswtt00000000n"}}
{"logTime": "0412/022034", "correlationVector":"dgM+iTkkzNfWn1qZYtdfKh.2","action":"Commit Response", "result":"Success", "context":Result: Success. cV=dgM+iTkkzNfWn1qZYtdfKh.0;server=akswtt00000000n;cloudType=Consumer;environment=Prod_germanywestcentral_prod-s01-010-eur-germanywestcentral;migrationStage=NotStarted}
{"logTime": "0412/022708", "correlationVector":"Z2W5hhOd3X/1sgIMiV8S0X","action":"Commit Request", "result":"", "context":Item count: 1
Contributing types: Extension settings}
{"logTime": "0412/022709", "correlationVector":"Z2W5hhOd3X/1sgIMiV8S0X.1","action":"SyncServerConnectionManagerRequest", "result":"SYNC_SERVER_OK", "context":{"environment":"Prod_germanywestcentral_prod-s01-011-eur-germanywestcentral", "migrationStage":"NotStarted", "server":"akswtt003000006"}}
{"logTime": "0412/022709", "correlationVector":"Z2W5hhOd3X/1sgIMiV8S0X.2","action":"Commit Response", "result":"Success", "context":Result: Success. cV=Z2W5hhOd3X/1sgIMiV8S0X.0;server=akswtt003000006;cloudType=Consumer;environment=Prod_germanywestcentral_prod-s01-011-eur-germanywestcentral;migrationStage=NotStarted}
{"logTime": "0412/022832", "correlationVector":"uYwSohDCyTzASB2nxPb/7B","action":"Commit Request", "result":"", "context":Item count: 1
Contributing types: Extension settings}
{"logTime": "0412/022833", "correlationVector":"uYwSohDCyTzASB2nxPb/7B.1","action":"SyncServerConnectionManagerRequest", "result":"SYNC_SERVER_OK", "context":{"environment":"Prod_germanywestcentral_prod-s01-011-eur-germanywestcentral", "migrationStage":"NotStarted", "server":"akswtt00300000f"}}
{"logTime": "0412/022833", "correlationVector":"uYwSohDCyTzASB2nxPb/7B.2","action":"Commit Response", "result":"Success", "context":Result: Success. cV=uYwSohDCyTzASB2nxPb/7B.0;server=akswtt00300000f;cloudType=Consumer;environment=Prod_germanywestcentral_prod-s01-011-eur-germanywestcentral;migrationStage=NotStarted}
{"logTime": "0412/022933", "correlationVector":"pP7XMwYzQGgVdwEfQQHXE8","action":"Commit Request", "result":"", "context":Item count: 1
Contributing types: Extension settings}
{"logTime": "0412/022933", "correlationVector":"pP7XMwYzQGgVdwEfQQHXE8.1","action":"SyncServerConnectionManagerRequest", "result":"SYNC_SERVER_OK", "context":{"environment":"Prod_germanywestcentral_prod-s01-011-eur-germanywestcentral", "migrationStage":"NotStarted", "server":"akswtt00300000f"}}
{"logTime": "0412/022933", "correlationVector":"pP7XMwYzQGgVdwEfQQHXE8.2","action":"Commit Response", "result":"Success", "context":Result: Success. cV=pP7XMwYzQGgVdwEfQQHXE8.0;server=akswtt00300000f;cloudType=Consumer;environment=Prod_germanywestcentral_prod-s01-011-eur-germanywestcentral;migrationStage=NotStarted}
{"logTime": "0412/022935", "correlationVector":"Ep9pim0PwWwc8lY6h5Eh5R","action":"Commit Request", "result":"", "context":Item count: 1
Contributing types: Extension settings}
{"logTime": "0412/022935", "correlationVector":"Ep9pim0PwWwc8lY6h5Eh5R.1","action":"SyncServerConnectionManagerRequest", "result":"SYNC_SERVER_OK", "context":{"environment":"Prod_germanywestcentral_prod-s01-011-eur-germanywestcentral", "migrationStage":"NotStarted", "server":"akswtt00300000b"}}
{"logTime": "0412/022935", "correlationVector":"Ep9pim0PwWwc8lY6h5Eh5R.2","action":"Commit Response", "result":"Success", "context":Result: Success. cV=Ep9pim0PwWwc8lY6h5Eh5R.0;server=akswtt00300000b;cloudType=Consumer;environment=Prod_germanywestcentral_prod-s01-011-eur-germanywestcentral;migrationStage=NotStarted}
{"logTime": "0412/023609", "correlationVector":"7arrnp1H6HL/UWTU0S+dkS","action":"Commit Request", "result":"", "context":Item count: 1
Contributing types: Extension settings}
{"logTime": "0412/023610", "correlationVector":"7arrnp1H6HL/UWTU0S+dkS.1","action":"SyncServerConnectionManagerRequest", "result":"SYNC_SERVER_OK", "context":{"environment":"Prod_germanywestcentral_prod-s01-010-eur-germanywestcentral", "migrationStage":"NotStarted", "server":"akswtt00000000n"}}
{"logTime": "0412/023610", "correlationVector":"7arrnp1H6HL/UWTU0S+dkS.2","action":"Commit Response", "result":"Success", "context":Result: Success. cV=7arrnp1H6HL/UWTU0S+dkS.0;server=akswtt00000000n;cloudType=Consumer;environment=Prod_germanywestcentral_prod-s01-010-eur-germanywestcentral;migrationStage=NotStarted}
{"logTime": "0412/023709", "correlationVector":"tBt/vDeyM+ngwhpVOfRj3x","action":"Commit Request", "result":"", "context":Item count: 1
Contributing types: Extension settings}
{"logTime": "0412/023710", "correlationVector":"tBt/vDeyM+ngwhpVOfRj3x.1","action":"SyncServerConnectionManagerRequest", "result":"SYNC_SERVER_OK", "context":{"environment":"Prod_germanywestcentral_prod-s01-010-eur-germanywestcentral", "migrationStage":"NotStarted", "server":"akswtt00000000k"}}
{"logTime": "0412/023710", "correlationVector":"tBt/vDeyM+ngwhpVOfRj3x.2","action":"Commit Response", "result":"Success", "context":Result: Success. cV=tBt/vDeyM+ngwhpVOfRj3x.0;server=akswtt00000000k;cloudType=Consumer;environment=Prod_germanywestcentral_prod-s01-010-eur-germanywestcentral;migrationStage=NotStarted}
{"logTime": "0412/023711", "correlationVector":"hvnkruxtmVxOFAvwcj+W7c","action":"Commit Request", "result":"", "context":Item count: 1
Contributing types: Extension settings}
{"logTime": "0412/023712", "correlationVector":"hvnkruxtmVxOFAvwcj+W7c.1","action":"SyncServerConnectionManagerRequest", "result":"SYNC_SERVER_OK", "context":{"environment":"Prod_germanywestcentral_prod-s01-010-eur-germanywestcentral", "migrationStage":"NotStarted", "server":"akswtt00000000k"}}
{"logTime": "0412/023712", "correlationVector":"hvnkruxtmVxOFAvwcj+W7c.2","action":"Commit Response", "result":"Success", "context":Result: Success. cV=hvnkruxtmVxOFAvwcj+W7c.0;server=akswtt00000000k;cloudType=Consumer;environment=Prod_germanywestcentral_prod-s01-010-eur-germanywestcentral;migrationStage=NotStarted}
{"logTime": "0412/024010", "correlationVector":"qGpWo0q6NRCRbE4+hMyvsC","action":"Commit Request", "result":"", "context":Item count: 1
Contributing types: Extension settings}
{"logTime": "0412/024010", "correlationVector":"qGpWo0q6NRCRbE4+hMyvsC.1","action":"SyncServerConnectionManagerRequest", "result":"SYNC_SERVER_OK", "context":{"environment":"Prod_germanywestcentral_prod-s01-011-eur-germanywestcentral", "migrationStage":"NotStarted", "server":"akswtt00300000h"}}
{"logTime": "0412/024010", "correlationVector":"qGpWo0q6NRCRbE4+hMyvsC.2","action":"Commit Response", "result":"Success", "context":Result: Success. cV=qGpWo0q6NRCRbE4+hMyvsC.0;server=akswtt00300000h;cloudType=Consumer;environment=Prod_germanywestcentral_prod-s01-011-eur-germanywestcentral;migrationStage=NotStarted}
{"logTime": "0412/024012", "correlationVector":"vQHOMhvvGZFF6R0uMsoHoW","action":"Commit Request", "result":"", "context":Item count: 1
Contributing types: Extension settings}
{"logTime": "0412/024012", "correlationVector":"vQHOMhvvGZFF6R0uMsoHoW.1","action":"SyncServerConnectionManagerRequest", "result":"SYNC_SERVER_OK", "context":{"environment":"Prod_germanywestcentral_prod-s01-011-eur-germanywestcentral", "migrationStage":"NotStarted", "server":"akswtt00300000a"}}
{"logTime": "0412/024012", "correlationVector":"vQHOMhvvGZFF6R0uMsoHoW.2","action":"Commit Response", "result":"Success", "context":Result: Success. cV=vQHOMhvvGZFF6R0uMsoHoW.0;server=akswtt00300000a;cloudType=Consumer;environment=Prod_germanywestcentral_prod-s01-011-eur-germanywestcentral;migrationStage=NotStarted}
{"logTime": "0412/024410", "correlationVector":"1BENhrW9tFkG6PGqBQS8A1","action":"Commit Request", "result":"", "context":Item count: 1
Contributing types: Extension settings}
{"logTime": "0412/024411", "correlationVector":"1BENhrW9tFkG6PGqBQS8A1.1","action":"SyncServerConnectionManagerRequest", "result":"SYNC_SERVER_OK", "context":{"environment":"Prod_germanywestcentral_prod-s01-010-eur-germanywestcentral", "migrationStage":"NotStarted", "server":"akswtt00000000k"}}
{"logTime": "0412/024411", "correlationVector":"1BENhrW9tFkG6PGqBQS8A1.2","action":"Commit Response", "result":"Success", "context":Result: Success. cV=1BENhrW9tFkG6PGqBQS8A1.0;server=akswtt00000000k;cloudType=Consumer;environment=Prod_germanywestcentral_prod-s01-010-eur-germanywestcentral;migrationStage=NotStarted}
{"logTime": "0412/024412", "correlationVector":"2kRr/6m8xfGwAhmcOMGeNl","action":"Commit Request", "result":"", "context":Item count: 1
Contributing types: Extension settings}
{"logTime": "0412/024412", "correlationVector":"2kRr/6m8xfGwAhmcOMGeNl.1","action":"SyncServerConnectionManagerRequest", "result":"SYNC_SERVER_OK", "context":{"environment":"Prod_germanywestcentral_prod-s01-010-eur-germanywestcentral", "migrationStage":"NotStarted", "server":"akswtt000000017"}}
{"logTime": "0412/024412", "correlationVector":"2kRr/6m8xfGwAhmcOMGeNl.2","action":"Commit Response", "result":"Success", "context":Result: Success. cV=2kRr/6m8xfGwAhmcOMGeNl.0;server=akswtt000000017;cloudType=Consumer;environment=Prod_germanywestcentral_prod-s01-010-eur-germanywestcentral;migrationStage=NotStarted}
{"logTime": "0412/024611", "correlationVector":"LqVIsde4QUyYqBjxvOGJSp","action":"Commit Request", "result":"", "context":Item count: 1
Contributing types: Extension settings}
{"logTime": "0412/024611", "correlationVector":"LqVIsde4QUyYqBjxvOGJSp.1","action":"SyncServerConnectionManagerRequest", "result":"SYNC_SERVER_OK", "context":{"environment":"Prod_germanywestcentral_prod-s01-010-eur-germanywestcentral", "migrationStage":"NotStarted", "server":"akswtt000000008"}}
{"logTime": "0412/024611", "correlationVector":"LqVIsde4QUyYqBjxvOGJSp.2","action":"Commit Response", "result":"Success", "context":Result: Success. cV=LqVIsde4QUyYqBjxvOGJSp.0;server=akswtt000000008;cloudType=Consumer;environment=Prod_germanywestcentral_prod-s01-010-eur-germanywestcentral;migrationStage=NotStarted}
{"logTime": "0412/024613", "correlationVector":"9KqI+RZarVxJRb0goMYTEn","action":"Commit Request", "result":"", "context":Item count: 1
Contributing types: Extension settings}
{"logTime": "0412/024613", "correlationVector":"9KqI+RZarVxJRb0goMYTEn.1","action":"SyncServerConnectionManagerRequest", "result":"SYNC_SERVER_OK", "context":{"environment":"Prod_germanywestcentral_prod-s01-010-eur-germanywestcentral", "migrationStage":"NotStarted", "server":"akswtt000000008"}}
{"logTime": "0412/024613", "correlationVector":"9KqI+RZarVxJRb0goMYTEn.2","action":"Commit Response", "result":"Success", "context":Result: Success. cV=9KqI+RZarVxJRb0goMYTEn.0;server=akswtt000000008;cloudType=Consumer;environment=Prod_germanywestcentral_prod-s01-010-eur-germanywestcentral;migrationStage=NotStarted}
{"logTime": "0412/024841", "correlationVector":"x2cHjmgKKkH6Tty81l5WNg","action":"Commit Request", "result":"", "context":Item count: 1
Contributing types: Extension settings}
{"logTime": "0412/024841", "correlationVector":"x2cHjmgKKkH6Tty81l5WNg.1","action":"SyncServerConnectionManagerRequest", "result":"SYNC_SERVER_OK", "context":{"environment":"Prod_germanywestcentral_prod-s01-010-eur-germanywestcentral", "migrationStage":"NotStarted", "server":"akswtt000000001"}}
{"logTime": "0412/024841", "correlationVector":"x2cHjmgKKkH6Tty81l5WNg.2","action":"Commit Response", "result":"Success", "context":Result: Success. cV=x2cHjmgKKkH6Tty81l5WNg.0;server=akswtt000000001;cloudType=Consumer;environment=Prod_germanywestcentral_prod-s01-010-eur-germanywestcentral;migrationStage=NotStarted}
{"logTime": "0412/024941", "correlationVector":"Ed3DvSIKmubZUfkw2/Ul3K","action":"Commit Request", "result":"", "context":Item count: 1
Contributing types: Extension settings}
{"logTime": "0412/024941", "correlationVector":"Ed3DvSIKmubZUfkw2/Ul3K.1","action":"SyncServerConnectionManagerRequest", "result":"SYNC_SERVER_OK", "context":{"environment":"Prod_germanywestcentral_prod-s01-010-eur-germanywestcentral", "migrationStage":"NotStarted", "server":"akswtt000000002"}}
{"logTime": "0412/024941", "correlationVector":"Ed3DvSIKmubZUfkw2/Ul3K.2","action":"Commit Response", "result":"Success", "context":Result: Success. cV=Ed3DvSIKmubZUfkw2/Ul3K.0;server=akswtt000000002;cloudType=Consumer;environment=Prod_germanywestcentral_prod-s01-010-eur-germanywestcentral;migrationStage=NotStarted}
{"logTime": "0412/024943", "correlationVector":"EZgMlsurd3jqQ8am8iAnuI","action":"Commit Request", "result":"", "context":Item count: 1
Contributing types: Extension settings}
{"logTime": "0412/024943", "correlationVector":"EZgMlsurd3jqQ8am8iAnuI.1","action":"SyncServerConnectionManagerRequest", "result":"SYNC_SERVER_OK", "context":{"environment":"Prod_germanywestcentral_prod-s01-010-eur-germanywestcentral", "migrationStage":"NotStarted", "server":"akswtt00000000j"}}
{"logTime": "0412/024943", "correlationVector":"EZgMlsurd3jqQ8am8iAnuI.2","action":"Commit Response", "result":"Success", "context":Result: Success. cV=EZgMlsurd3jqQ8am8iAnuI.0;server=akswtt00000000j;cloudType=Consumer;environment=Prod_germanywestcentral_prod-s01-010-eur-germanywestcentral;migrationStage=NotStarted}
{"logTime": "0412/025617", "correlationVector":"VkAT7xaJh+hZmW6WIoOJ/S","action":"Commit Request", "result":"", "context":Item count: 1
Contributing types: Extension settings}
{"logTime": "0412/025618", "correlationVector":"VkAT7xaJh+hZmW6WIoOJ/S.1","action":"SyncServerConnectionManagerRequest", "result":"SYNC_SERVER_OK", "context":{"environment":"Prod_germanywestcentral_prod-s01-011-eur-germanywestcentral", "migrationStage":"NotStarted", "server":"akswtt003000003"}}
{"logTime": "0412/025618", "correlationVector":"VkAT7xaJh+hZmW6WIoOJ/S.2","action":"Commit Response", "result":"Success", "context":Result: Success. cV=VkAT7xaJh+hZmW6WIoOJ/S.0;server=akswtt003000003;cloudType=Consumer;environment=Prod_germanywestcentral_prod-s01-011-eur-germanywestcentral;migrationStage=NotStarted}
{"logTime": "0412/025741", "correlationVector":"ccE77/Ziq4rIlrhlUk4+YU","action":"Commit Request", "result":"", "context":Item count: 1
Contributing types: Extension settings}
{"logTime": "0412/025741", "correlationVector":"ccE77/Ziq4rIlrhlUk4+YU.1","action":"SyncServerConnectionManagerRequest", "result":"SYNC_SERVER_OK", "context":{"environment":"Prod_germanywestcentral_prod-s01-011-eur-germanywestcentral", "migrationStage":"NotStarted", "server":"akswtt00300000a"}}
{"logTime": "0412/025741", "correlationVector":"ccE77/Ziq4rIlrhlUk4+YU.2","action":"Commit Response", "result":"Success", "context":Result: Success. cV=ccE77/Ziq4rIlrhlUk4+YU.0;server=akswtt00300000a;cloudType=Consumer;environment=Prod_germanywestcentral_prod-s01-011-eur-germanywestcentral;migrationStage=NotStarted}
{"logTime": "0412/025842", "correlationVector":"WKSnsWKXmH9LDvh/0yhcFG","action":"Commit Request", "result":"", "context":Item count: 1
Contributing types: Extension settings}
{"logTime": "0412/025842", "correlationVector":"WKSnsWKXmH9LDvh/0yhcFG.1","action":"SyncServerConnectionManagerRequest", "result":"SYNC_SERVER_OK", "context":{"environment":"Prod_germanywestcentral_prod-s01-011-eur-germanywestcentral", "migrationStage":"NotStarted", "server":"akswtt003000000"}}
{"logTime": "0412/025842", "correlationVector":"WKSnsWKXmH9LDvh/0yhcFG.2","action":"Commit Response", "result":"Success", "context":Result: Success. cV=WKSnsWKXmH9LDvh/0yhcFG.0;server=akswtt003000000;cloudType=Consumer;environment=Prod_germanywestcentral_prod-s01-011-eur-germanywestcentral;migrationStage=NotStarted}
{"logTime": "0412/025844", "correlationVector":"EtKpfsQxrAgLuwBTc7kkVz","action":"Commit Request", "result":"", "context":Item count: 1
Contributing types: Extension settings}
{"logTime": "0412/025844", "correlationVector":"EtKpfsQxrAgLuwBTc7kkVz.1","action":"SyncServerConnectionManagerRequest", "result":"SYNC_SERVER_OK", "context":{"environment":"Prod_germanywestcentral_prod-s01-011-eur-germanywestcentral", "migrationStage":"NotStarted", "server":"akswtt00300000a"}}
{"logTime": "0412/025844", "correlationVector":"EtKpfsQxrAgLuwBTc7kkVz.2","action":"Commit Response", "result":"Success", "context":Result: Success. cV=EtKpfsQxrAgLuwBTc7kkVz.0;server=akswtt00300000a;cloudType=Consumer;environment=Prod_germanywestcentral_prod-s01-011-eur-germanywestcentral;migrationStage=NotStarted}
{"logTime": "0412/030518", "correlationVector":"XDdaD189oIw5cYnCxbpjE6","action":"Commit Request", "result":"", "context":Item count: 1
Contributing types: Extension settings}
{"logTime": "0412/030518", "correlationVector":"XDdaD189oIw5cYnCxbpjE6.1","action":"SyncServerConnectionManagerRequest", "result":"SYNC_SERVER_OK", "context":{"environment":"Prod_germanywestcentral_prod-s01-010-eur-germanywestcentral", "migrationStage":"NotStarted", "server":"akswtt00000000c"}}
{"logTime": "0412/030518", "correlationVector":"XDdaD189oIw5cYnCxbpjE6.2","action":"Commit Response", "result":"Success", "context":Result: Success. cV=XDdaD189oIw5cYnCxbpjE6.0;server=akswtt00000000c;cloudType=Consumer;environment=Prod_germanywestcentral_prod-s01-010-eur-germanywestcentral;migrationStage=NotStarted}
{"logTime": "0412/030618", "correlationVector":"mL7XajqmjCb93M/jmsWoU6","action":"Commit Request", "result":"", "context":Item count: 1
Contributing types: Extension settings}
{"logTime": "0412/030618", "correlationVector":"mL7XajqmjCb93M/jmsWoU6.1","action":"SyncServerConnectionManagerRequest", "result":"SYNC_SERVER_OK", "context":{"environment":"Prod_germanywestcentral_prod-s01-010-eur-germanywestcentral", "migrationStage":"NotStarted", "server":"akswtt000000001"}}
{"logTime": "0412/030618", "correlationVector":"mL7XajqmjCb93M/jmsWoU6.2","action":"Commit Response", "result":"Success", "context":Result: Success. cV=mL7XajqmjCb93M/jmsWoU6.0;server=akswtt000000001;cloudType=Consumer;environment=Prod_germanywestcentral_prod-s01-010-eur-germanywestcentral;migrationStage=NotStarted}
{"logTime": "0412/030620", "correlationVector":"65i9syP6aspdjnafyaBI4C","action":"Commit Request", "result":"", "context":Item count: 1
Contributing types: Extension settings}
{"logTime": "0412/030620", "correlationVector":"65i9syP6aspdjnafyaBI4C.1","action":"SyncServerConnectionManagerRequest", "result":"SYNC_SERVER_OK", "context":{"environment":"Prod_germanywestcentral_prod-s01-010-eur-germanywestcentral", "migrationStage":"NotStarted", "server":"akswtt00000000c"}}
{"logTime": "0412/030620", "correlationVector":"65i9syP6aspdjnafyaBI4C.2","action":"Commit Response", "result":"Success", "context":Result: Success. cV=65i9syP6aspdjnafyaBI4C.0;server=akswtt00000000c;cloudType=Consumer;environment=Prod_germanywestcentral_prod-s01-010-eur-germanywestcentral;migrationStage=NotStarted}
{"logTime": "0412/031254", "correlationVector":"mx3b20q44sjrZXBlj24AUd","action":"Commit Request", "result":"", "context":Item count: 1
Contributing types: Extension settings}
{"logTime": "0412/031255", "correlationVector":"mx3b20q44sjrZXBlj24AUd.1","action":"SyncServerConnectionManagerRequest", "result":"SYNC_SERVER_OK", "context":{"environment":"Prod_germanywestcentral_prod-s01-010-eur-germanywestcentral", "migrationStage":"NotStarted", "server":"akswtt00000000j"}}
{"logTime": "0412/031255", "correlationVector":"mx3b20q44sjrZXBlj24AUd.2","action":"Commit Response", "result":"Success", "context":Result: Success. cV=mx3b20q44sjrZXBlj24AUd.0;server=akswtt00000000j;cloudType=Consumer;environment=Prod_germanywestcentral_prod-s01-010-eur-germanywestcentral;migrationStage=NotStarted}
{"logTime": "0412/031418", "correlationVector":"HX2mtIbdVJKFRGRn1tgF0Z","action":"Commit Request", "result":"", "context":Item count: 1
Contributing types: Extension settings}
{"logTime": "0412/031419", "correlationVector":"HX2mtIbdVJKFRGRn1tgF0Z.1","action":"SyncServerConnectionManagerRequest", "result":"SYNC_SERVER_OK", "context":{"environment":"Prod_germanywestcentral_prod-s01-011-eur-germanywestcentral", "migrationStage":"NotStarted", "server":"akswtt00300000k"}}
{"logTime": "0412/031419", "correlationVector":"HX2mtIbdVJKFRGRn1tgF0Z.2","action":"Commit Response", "result":"Success", "context":Result: Success. cV=HX2mtIbdVJKFRGRn1tgF0Z.0;server=akswtt00300000k;cloudType=Consumer;environment=Prod_germanywestcentral_prod-s01-011-eur-germanywestcentral;migrationStage=NotStarted}
{"logTime": "0412/031519", "correlationVector":"eN5vDLpRIOe1ygiKRc9E9k","action":"Commit Request", "result":"", "context":Item count: 1
Contributing types: Extension settings}
{"logTime": "0412/031519", "correlationVector":"eN5vDLpRIOe1ygiKRc9E9k.1","action":"SyncServerConnectionManagerRequest", "result":"SYNC_SERVER_OK", "context":{"environment":"Prod_germanywestcentral_prod-s01-010-eur-germanywestcentral", "migrationStage":"NotStarted", "server":"akswtt00000000j"}}
{"logTime": "0412/031519", "correlationVector":"eN5vDLpRIOe1ygiKRc9E9k.2","action":"Commit Response", "result":"Success", "context":Result: Success. cV=eN5vDLpRIOe1ygiKRc9E9k.0;server=akswtt00000000j;cloudType=Consumer;environment=Prod_germanywestcentral_prod-s01-010-eur-germanywestcentral;migrationStage=NotStarted}
{"logTime": "0412/031521", "correlationVector":"HmUNyZtmH9C9RwFC5fYaHk","action":"Commit Request", "result":"", "context":Item count: 1
Contributing types: Extension settings}
{"logTime": "0412/031521", "correlationVector":"HmUNyZtmH9C9RwFC5fYaHk.1","action":"SyncServerConnectionManagerRequest", "result":"SYNC_SERVER_OK", "context":{"environment":"Prod_germanywestcentral_prod-s01-010-eur-germanywestcentral", "migrationStage":"NotStarted", "server":"akswtt00000000j"}}
{"logTime": "0412/031521", "correlationVector":"HmUNyZtmH9C9RwFC5fYaHk.2","action":"Commit Response", "result":"Success", "context":Result: Success. cV=HmUNyZtmH9C9RwFC5fYaHk.0;server=akswtt00000000j;cloudType=Consumer;environment=Prod_germanywestcentral_prod-s01-010-eur-germanywestcentral;migrationStage=NotStarted}
{"logTime": "0412/032155", "correlationVector":"V6EpEJLJ5kWeT5zdUD5C69","action":"Commit Request", "result":"", "context":Item count: 1
Contributing types: Extension settings}
{"logTime": "0412/032155", "correlationVector":"V6EpEJLJ5kWeT5zdUD5C69.1","action":"SyncServerConnectionManagerRequest", "result":"SYNC_SERVER_OK", "context":{"environment":"Prod_germanywestcentral_prod-s01-010-eur-germanywestcentral", "migrationStage":"NotStarted", "server":"akswtt000000008"}}
{"logTime": "0412/032155", "correlationVector":"V6EpEJLJ5kWeT5zdUD5C69.2","action":"Commit Response", "result":"Success", "context":Result: Success. cV=V6EpEJLJ5kWeT5zdUD5C69.0;server=akswtt000000008;cloudType=Consumer;environment=Prod_germanywestcentral_prod-s01-010-eur-germanywestcentral;migrationStage=NotStarted}
{"logTime": "0412/032255", "correlationVector":"wR/wUiW3CDTxBl/21pQtuF","action":"Commit Request", "result":"", "context":Item count: 1
Contributing types: Extension settings}
{"logTime": "0412/032256", "correlationVector":"wR/wUiW3CDTxBl/21pQtuF.1","action":"SyncServerConnectionManagerRequest", "result":"SYNC_SERVER_OK", "context":{"environment":"Prod_germanywestcentral_prod-s01-010-eur-germanywestcentral", "migrationStage":"NotStarted", "server":"akswtt00000000i"}}
{"logTime": "0412/032256", "correlationVector":"wR/wUiW3CDTxBl/21pQtuF.2","action":"Commit Response", "result":"Success", "context":Result: Success. cV=wR/wUiW3CDTxBl/21pQtuF.0;server=akswtt00000000i;cloudType=Consumer;environment=Prod_germanywestcentral_prod-s01-010-eur-germanywestcentral;migrationStage=NotStarted}
{"logTime": "0412/032257", "correlationVector":"f5Na+8Tw2gJsEi3RGLg6+w","action":"Commit Request", "result":"", "context":Item count: 1
Contributing types: Extension settings}
{"logTime": "0412/032258", "correlationVector":"f5Na+8Tw2gJsEi3RGLg6+w.1","action":"SyncServerConnectionManagerRequest", "result":"SYNC_SERVER_OK", "context":{"environment":"Prod_germanywestcentral_prod-s01-010-eur-germanywestcentral", "migrationStage":"NotStarted", "server":"akswtt00000000h"}}
{"logTime": "0412/032258", "correlationVector":"f5Na+8Tw2gJsEi3RGLg6+w.2","action":"Commit Response", "result":"Success", "context":Result: Success. cV=f5Na+8Tw2gJsEi3RGLg6+w.0;server=akswtt00000000h;cloudType=Consumer;environment=Prod_germanywestcentral_prod-s01-010-eur-germanywestcentral;migrationStage=NotStarted}
{"logTime": "0412/032932", "correlationVector":"vUMeLYcayeCccuOJp99dUi","action":"Commit Request", "result":"", "context":Item count: 1
Contributing types: Extension settings}
{"logTime": "0412/032932", "correlationVector":"vUMeLYcayeCccuOJp99dUi.1","action":"SyncServerConnectionManagerRequest", "result":"SYNC_SERVER_OK", "context":{"environment":"Prod_germanywestcentral_prod-s01-010-eur-germanywestcentral", "migrationStage":"NotStarted", "server":"akswtt00000000n"}}
{"logTime": "0412/032932", "correlationVector":"vUMeLYcayeCccuOJp99dUi.2","action":"Commit Response", "result":"Success", "context":Result: Success. cV=vUMeLYcayeCccuOJp99dUi.0;server=akswtt00000000n;cloudType=Consumer;environment=Prod_germanywestcentral_prod-s01-010-eur-germanywestcentral;migrationStage=NotStarted}
{"logTime": "0412/033032", "correlationVector":"Zqmtnxg5aHDShS1FBkpZx/","action":"Commit Request", "result":"", "context":Item count: 1
Contributing types: Extension settings}
{"logTime": "0412/033032", "correlationVector":"Zqmtnxg5aHDShS1FBkpZx/.1","action":"SyncServerConnectionManagerRequest", "result":"SYNC_SERVER_OK", "context":{"environment":"Prod_germanywestcentral_prod-s01-010-eur-germanywestcentral", "migrationStage":"NotStarted", "server":"akswtt000000009"}}
{"logTime": "0412/033032", "correlationVector":"Zqmtnxg5aHDShS1FBkpZx/.2","action":"Commit Response", "result":"Success", "context":Result: Success. cV=Zqmtnxg5aHDShS1FBkpZx/.0;server=akswtt000000009;cloudType=Consumer;environment=Prod_germanywestcentral_prod-s01-010-eur-germanywestcentral;migrationStage=NotStarted}
{"logTime": "0412/033034", "correlationVector":"dR1sNtKNb0EX1la8oeBDEt","action":"Commit Request", "result":"", "context":Item count: 1
Contributing types: Extension settings}
{"logTime": "0412/033034", "correlationVector":"dR1sNtKNb0EX1la8oeBDEt.1","action":"SyncServerConnectionManagerRequest", "result":"SYNC_SERVER_OK", "context":{"environment":"Prod_germanywestcentral_prod-s01-010-eur-germanywestcentral", "migrationStage":"NotStarted", "server":"akswtt00000000e"}}
{"logTime": "0412/033034", "correlationVector":"dR1sNtKNb0EX1la8oeBDEt.2","action":"Commit Response", "result":"Success", "context":Result: Success. cV=dR1sNtKNb0EX1la8oeBDEt.0;server=akswtt00000000e;cloudType=Consumer;environment=Prod_germanywestcentral_prod-s01-010-eur-germanywestcentral;migrationStage=NotStarted}
