2026-04-11 16:18:32.846: [INFO][Sync] Reset engine, reason: 8
2026-04-11 16:18:32.846: [INFO][Sync] Stopped: Bookmarks
2026-04-11 16:18:32.846: [INFO][Sync] Stopped: Preferences
2026-04-11 16:18:32.846: [INFO][Sync] Stopped: Passwords
2026-04-11 16:18:32.846: [INFO][Sync] Stopped: Autofill Profiles
2026-04-11 16:18:32.846: [INFO][Sync] Stopped: Autofill
2026-04-11 16:18:32.846: [INFO][Sync] Stopped: Extensions
2026-04-11 16:18:32.846: [INFO][Sync] Stopped: Sessions
2026-04-11 16:18:32.846: [INFO][Sync] Stopped: Extension settings
2026-04-11 16:18:32.846: [INFO][Sync] Stopped: History Delete Directives
2026-04-11 16:18:32.846: [INFO][Sync] Stopped: Device Info
2026-04-11 16:18:32.846: [INFO][Sync] Stopped: User Consents
2026-04-11 16:18:32.846: [INFO][Sync] Stopped: Send Tab To Self
2026-04-11 16:18:32.846: [INFO][Sync] Stopped: Web Apps
2026-04-11 16:18:32.846: [INFO][Sync] Stopped: History
2026-04-11 16:18:32.846: [INFO][Sync] Stopped: Saved Tab Group
2026-04-11 16:18:32.846: [INFO][Sync] Stopped: WebAuthn Credentials
2026-04-11 16:18:32.846: [INFO][Sync] Stopped: Collection
2026-04-11 16:18:32.846: [INFO][Sync] Stopped: Edge E Drop
2026-04-11 16:18:32.846: [INFO][Sync] Stopped: Edge Hub App Usage
2026-04-11 16:18:32.846: [INFO][Sync] Stopped: Edge Wallet
2026-04-11 16:18:32.846: [INFO][Sync] Stopped: Edge Workspace
2026-04-11 16:18:32.846: [INFO][Sync] SyncState after authenticated was: NotSignedIn
2026-04-11 16:18:32.931: [INFO][Sync] Reset engine, reason: 8
2026-04-11 16:18:32.931: [INFO][Sync] Stopped: Bookmarks
2026-04-11 16:18:32.931: [INFO][Sync] Stopped: Preferences
2026-04-11 16:18:32.931: [INFO][Sync] Stopped: Passwords
2026-04-11 16:18:32.931: [INFO][Sync] Stopped: Autofill Profiles
2026-04-11 16:18:32.931: [INFO][Sync] Stopped: Autofill
2026-04-11 16:18:32.931: [INFO][Sync] Stopped: Extensions
2026-04-11 16:18:32.931: [INFO][Sync] Stopped: Sessions
2026-04-11 16:18:32.931: [INFO][Sync] Stopped: Extension settings
2026-04-11 16:18:32.931: [INFO][Sync] Stopped: History Delete Directives
2026-04-11 16:18:32.931: [INFO][Sync] Stopped: Device Info
2026-04-11 16:18:32.931: [INFO][Sync] Stopped: User Consents
2026-04-11 16:18:32.931: [INFO][Sync] Stopped: Send Tab To Self
2026-04-11 16:18:32.931: [INFO][Sync] Stopped: Web Apps
2026-04-11 16:18:32.931: [INFO][Sync] Stopped: History
2026-04-11 16:18:32.931: [INFO][Sync] Stopped: Saved Tab Group
2026-04-11 16:18:32.931: [INFO][Sync] Stopped: WebAuthn Credentials
2026-04-11 16:18:32.931: [INFO][Sync] Stopped: Collection
2026-04-11 16:18:32.931: [INFO][Sync] Stopped: Edge E Drop
2026-04-11 16:18:32.931: [INFO][Sync] Stopped: Edge Hub App Usage
2026-04-11 16:18:32.931: [INFO][Sync] Stopped: Edge Wallet
2026-04-11 16:18:32.931: [INFO][Sync] Stopped: Edge Workspace
2026-04-11 16:18:34.518: [INFO][Sync] Try to start sync engine
2026-04-11 16:18:34.519: [INFO][SyncManagerImpl::NudgeForInitialDownload] Initial download nudge for Encryption Keys
2026-04-11 16:18:34.519: [INFO][SyncEngineBackend::LoadAndConnectNigoriController] Load and connect Nigori controller
2026-04-11 16:18:34.519: [INFO][SyncEngineBackend::DoInitialize] Control Types added: Encryption Keys
2026-04-11 16:18:34.519: [INFO][SyncManagerImpl::ConfigureSyncer] Types to download: Encryption Keys with reason: 3
2026-04-11 16:18:34.519: [INFO][SyncSchedulerImpl::DoConfigurationSyncCycleJob] Configure job was blocked
2026-04-11 16:18:35.388: [INFO][SyncAuthManager::SetLastAuthError] Current auth error: None
2026-04-11 16:18:35.388: [INFO][SyncAuthManager::EdgeLogTokenErrorState] Token error with: None for account type: MSA
2026-04-11 16:18:35.388: [INFO][Sync] Credentials changed for: EdgeSyncScopeNew
2026-04-11 16:18:35.554: [INFO][SyncAuthManager::SetLastAuthError] Current auth error: None
2026-04-11 16:18:35.554: [INFO][SyncAuthManager::EdgeLogTokenErrorState] Token error with: None for account type: MSA
2026-04-11 16:18:35.554: [INFO][Sync] Credentials changed for: EdgeSyncKeyDataScope
2026-04-11 16:18:35.554: [INFO][SyncEngineBackend::DoUpdateKeyDataCredentials] Update key data credentials
2026-04-11 16:18:35.554: [INFO][SyncEngineBackend::DoUpdateCredentials] Update credentials
2026-04-11 16:18:35.554: [INFO][SyncSchedulerImpl::DoConfigurationSyncCycleJob] Blocked types:  and types to download: Encryption Keys
2026-04-11 16:18:36.011: [INFO][Sync] Started DataTypeManager configuration, reason: 4
2026-04-11 16:18:36.011: [INFO][Sync] Configuring for: Bookmarks, Preferences, Passwords, Autofill Profiles, Autofill, Extensions, Sessions, Extension settings, History Delete Directives, Device Info, User Consents, Send Tab To Self, Web Apps, History, Saved Tab Group, WebAuthn Credentials, Collection, Edge E Drop, Edge Hub App Usage, Edge Wallet, Edge Workspace, Encryption Keys, reason: 3, current state: 0
2026-04-11 16:18:36.011: [WARN][Sync] Crypto error data types: Passwords, Autofill Profiles, Autofill
2026-04-11 16:18:36.012: [INFO][Sync] Configure, desired: Bookmarks, Preferences, Extensions, Sessions, Extension settings, History Delete Directives, Device Info, User Consents, Send Tab To Self, Web Apps, History, Saved Tab Group, WebAuthn Credentials, Collection, Edge E Drop, Edge Hub App Usage, Edge Wallet, Edge Workspace, Encryption Keys; Allow fail: Passwords, Autofill Profiles, Autofill
2026-04-11 16:18:36.012: [INFO][Sync] Loading: Bookmarks
2026-04-11 16:18:36.012: [INFO][Sync] Loading: Preferences
2026-04-11 16:18:36.012: [INFO][Sync] Loading: Extensions
2026-04-11 16:18:36.012: [INFO][Sync] Loading: Sessions
2026-04-11 16:18:36.012: [INFO][Sync] Loading: Extension settings
2026-04-11 16:18:36.012: [INFO][Sync] Loading: History Delete Directives
2026-04-11 16:18:36.012: [INFO][Sync] Loading: Device Info
2026-04-11 16:18:36.012: [INFO][Sync] Loading: User Consents
2026-04-11 16:18:36.012: [INFO][Sync] Loading: Send Tab To Self
2026-04-11 16:18:36.012: [INFO][Sync] Loading: Web Apps
2026-04-11 16:18:36.012: [INFO][Sync] Loading: History
2026-04-11 16:18:36.012: [INFO][Sync] Loading: Saved Tab Group
2026-04-11 16:18:36.012: [INFO][Sync] Loading: WebAuthn Credentials
2026-04-11 16:18:36.012: [INFO][Sync] Loading: Collection
2026-04-11 16:18:36.012: [INFO][Sync] Loading: Edge E Drop
2026-04-11 16:18:36.012: [INFO][Sync] Loading: Edge Hub App Usage
2026-04-11 16:18:36.012: [INFO][Sync] Loading: Edge Wallet
2026-04-11 16:18:36.012: [INFO][Sync] Loading: Edge Workspace
2026-04-11 16:18:36.015: [INFO][Sync] All data types are ready for configure.
2026-04-11 16:18:36.500: [INFO][Sync] Started DataTypeManager configuration, reason: 5
2026-04-11 16:18:36.500: [INFO][Sync] Configuring for: Bookmarks, Preferences, Passwords, Autofill Profiles, Autofill, Extensions, Sessions, Extension settings, History Delete Directives, Device Info, User Consents, Send Tab To Self, Web Apps, History, Saved Tab Group, WebAuthn Credentials, Collection, Edge E Drop, Edge Hub App Usage, Edge Wallet, Edge Workspace, Encryption Keys, reason: 5, current state: 1
2026-04-11 16:18:36.503: [INFO][SyncEngineBackend::DoStartConfiguration] Start configuration
2026-04-11 16:18:36.503: [INFO][SyncManagerImpl::NudgeForInitialDownload] Initial download nudge for Bookmarks
2026-04-11 16:18:36.503: [INFO][SyncManagerImpl::NudgeForInitialDownload] Initial download nudge for Preferences
2026-04-11 16:18:36.503: [INFO][SyncManagerImpl::NudgeForInitialDownload] Initial download nudge for Extensions
2026-04-11 16:18:36.503: [INFO][SyncManagerImpl::NudgeForInitialDownload] Initial download nudge for Sessions
2026-04-11 16:18:36.503: [INFO][SyncManagerImpl::NudgeForInitialDownload] Initial download nudge for Extension settings
2026-04-11 16:18:36.503: [INFO][SyncManagerImpl::NudgeForInitialDownload] Initial download nudge for History Delete Directives
2026-04-11 16:18:36.503: [INFO][SyncManagerImpl::NudgeForInitialDownload] Initial download nudge for Device Info
2026-04-11 16:18:36.503: [INFO][SyncManagerImpl::NudgeForInitialDownload] Initial download nudge for Send Tab To Self
2026-04-11 16:18:36.503: [INFO][SyncManagerImpl::NudgeForInitialDownload] Initial download nudge for Web Apps
2026-04-11 16:18:36.503: [INFO][SyncManagerImpl::NudgeForInitialDownload] Initial download nudge for History
2026-04-11 16:18:36.503: [INFO][SyncManagerImpl::NudgeForInitialDownload] Initial download nudge for Saved Tab Group
2026-04-11 16:18:36.503: [INFO][SyncManagerImpl::NudgeForInitialDownload] Initial download nudge for WebAuthn Credentials
2026-04-11 16:18:36.503: [INFO][SyncManagerImpl::NudgeForInitialDownload] Initial download nudge for Collection
2026-04-11 16:18:36.503: [INFO][SyncManagerImpl::NudgeForInitialDownload] Initial download nudge for Edge E Drop
2026-04-11 16:18:36.503: [INFO][SyncManagerImpl::NudgeForInitialDownload] Initial download nudge for Edge Hub App Usage
2026-04-11 16:18:36.503: [INFO][SyncManagerImpl::NudgeForInitialDownload] Initial download nudge for Edge Wallet
2026-04-11 16:18:36.503: [INFO][SyncManagerImpl::NudgeForInitialDownload] Initial download nudge for Edge Workspace
2026-04-11 16:18:36.503: [INFO][SyncManagerImpl::ConfigureSyncer] Types to download:  with reason: 3
2026-04-11 16:18:36.503: [INFO][SyncEngineBackend::DoFinishConfigureDataTypes] Failed to download types:  and succeeded types: 
2026-04-11 16:18:36.503: [INFO][Sync] ConfigurationDone, failed: , succeeded: , remaining count: 4
2026-04-11 16:18:36.503: [WARN][Sync]     Reconfigure requested while configuration ongoing.
2026-04-11 16:18:36.503: [INFO][Sync] Configuring for: Bookmarks, Preferences, Passwords, Autofill Profiles, Autofill, Extensions, Sessions, Extension settings, History Delete Directives, Device Info, User Consents, Send Tab To Self, Web Apps, History, Saved Tab Group, WebAuthn Credentials, Collection, Edge E Drop, Edge Hub App Usage, Edge Wallet, Edge Workspace, Encryption Keys, reason: 5, current state: 2
2026-04-11 16:18:36.504: [INFO][Sync] Configure, desired: Bookmarks, Preferences, Passwords, Autofill Profiles, Autofill, Extensions, Sessions, Extension settings, History Delete Directives, Device Info, User Consents, Send Tab To Self, Web Apps, History, Saved Tab Group, WebAuthn Credentials, Collection, Edge E Drop, Edge Hub App Usage, Edge Wallet, Edge Workspace, Encryption Keys; Allow fail: 
2026-04-11 16:18:36.504: [INFO][Sync] Loading: Passwords
2026-04-11 16:18:36.504: [INFO][Sync] Loading: Autofill Profiles
2026-04-11 16:18:36.504: [INFO][Sync] Loading: Autofill
2026-04-11 16:18:36.504: [INFO][Sync] All data types are ready for configure.
2026-04-11 16:18:36.504: [INFO][SyncManagerImpl::NudgeForInitialDownload] Initial download nudge for Passwords
2026-04-11 16:18:36.504: [INFO][SyncManagerImpl::NudgeForInitialDownload] Initial download nudge for Autofill Profiles
2026-04-11 16:18:36.504: [INFO][SyncManagerImpl::NudgeForInitialDownload] Initial download nudge for Autofill
2026-04-11 16:18:36.504: [INFO][SyncManagerImpl::ConfigureSyncer] Types to download:  with reason: 5
2026-04-11 16:18:36.504: [INFO][SyncEngineBackend::DoFinishConfigureDataTypes] Failed to download types:  and succeeded types: 
2026-04-11 16:18:36.504: [INFO][Sync] ConfigurationDone, failed: , succeeded: , remaining count: 4
2026-04-11 16:18:36.504: [INFO][Sync] Prepare to configure types: Preferences, Passwords, Device Info, Send Tab To Self, Edge E Drop, Encryption Keys
2026-04-11 16:18:36.504: [INFO][SyncManagerImpl::ConfigureSyncer] Types to download: Preferences, Passwords, Device Info, Send Tab To Self, Edge E Drop, Encryption Keys with reason: 5
2026-04-11 16:18:36.504: [INFO][SyncSchedulerImpl::DoConfigurationSyncCycleJob] Blocked types:  and types to download: Preferences, Passwords, Device Info, Send Tab To Self, Edge E Drop, Encryption Keys
2026-04-11 16:18:37.662: [INFO][SyncEngineBackend::DoFinishConfigureDataTypes] Failed to download types:  and succeeded types: Preferences, Passwords, Device Info, Send Tab To Self, Edge E Drop, Encryption Keys
2026-04-11 16:18:37.663: [INFO][Sync] ConfigurationDone, failed: , succeeded: Preferences, Passwords, Device Info, Send Tab To Self, Edge E Drop, Encryption Keys, remaining count: 3
2026-04-11 16:18:37.663: [INFO][Sync] Prepare to configure types: Bookmarks, Encryption Keys
2026-04-11 16:18:37.663: [INFO][SyncManagerImpl::ConfigureSyncer] Types to download: Bookmarks, Encryption Keys with reason: 5
2026-04-11 16:18:37.663: [INFO][SyncSchedulerImpl::DoConfigurationSyncCycleJob] Blocked types:  and types to download: Bookmarks, Encryption Keys
2026-04-11 16:18:37.855: [INFO][SyncEngineBackend::DoFinishConfigureDataTypes] Failed to download types:  and succeeded types: Bookmarks, Encryption Keys
2026-04-11 16:18:37.861: [INFO][Sync] ConfigurationDone, failed: , succeeded: Bookmarks, Encryption Keys, remaining count: 2
2026-04-11 16:18:37.861: [INFO][Sync] Prepare to configure types: Autofill Profiles, Autofill, Extensions, Sessions, Extension settings, History Delete Directives, Web Apps, Saved Tab Group, WebAuthn Credentials, Collection, Edge Hub App Usage, Edge Wallet, Edge Workspace, Encryption Keys
2026-04-11 16:18:37.861: [INFO][SyncManagerImpl::ConfigureSyncer] Types to download: Autofill Profiles, Autofill, Extensions, Sessions, Extension settings, History Delete Directives, Web Apps, Saved Tab Group, WebAuthn Credentials, Collection, Edge Hub App Usage, Edge Wallet, Edge Workspace, Encryption Keys with reason: 5
2026-04-11 16:18:37.861: [INFO][SyncSchedulerImpl::DoConfigurationSyncCycleJob] Blocked types:  and types to download: Autofill Profiles, Autofill, Extensions, Sessions, Extension settings, History Delete Directives, Web Apps, Saved Tab Group, WebAuthn Credentials, Collection, Edge Hub App Usage, Edge Wallet, Edge Workspace, Encryption Keys
2026-04-11 16:18:39.155: [INFO][Sync] Reset engine, reason: 0
2026-04-11 16:18:39.155: [INFO][Sync] Reset engine with reason: 0
2026-04-11 16:18:39.155: [INFO][SyncSchedulerImpl::OnSyncNetworkError] Syncer error: Network error (ERR_ABORTED)
2026-04-11 16:18:39.156: [INFO][SyncSchedulerImpl::DoConfigurationSyncCycleJob] Syncer error: Success
2026-04-11 16:20:46.298: [INFO][Sync] SyncState after authenticated was: FeatureCanStart
2026-04-11 16:20:46.458: [INFO][SyncAuthManager::SetLastAuthError] Current auth error: None
2026-04-11 16:20:46.458: [INFO][SyncAuthManager::EdgeLogTokenErrorState] Token error with: None for account type: MSA
2026-04-11 16:20:46.458: [INFO][Sync] Credentials changed for: EdgeSyncKeyDataScope
2026-04-11 16:20:48.646: [INFO][Sync] Try to start sync engine
2026-04-11 16:20:48.650: [INFO][SyncEngineBackend::LoadAndConnectNigoriController] Load and connect Nigori controller
2026-04-11 16:20:48.650: [INFO][SyncEngineBackend::DoInitialize] Control Types added: 
2026-04-11 16:20:48.650: [INFO][SyncManagerImpl::ConfigureSyncer] Types to download:  with reason: 4
2026-04-11 16:20:48.650: [INFO][SyncEngineBackend::DoUpdateKeyDataCredentials] Update key data credentials
2026-04-11 16:20:48.652: [INFO][Sync] Started DataTypeManager configuration, reason: 4
2026-04-11 16:20:48.652: [INFO][Sync] Configuring for: Bookmarks, Preferences, Passwords, Autofill Profiles, Autofill, Extensions, Sessions, Extension settings, History Delete Directives, Device Info, User Consents, Send Tab To Self, Web Apps, History, Saved Tab Group, WebAuthn Credentials, Collection, Edge E Drop, Edge Hub App Usage, Edge Wallet, Edge Workspace, Encryption Keys, reason: 4, current state: 0
2026-04-11 16:20:48.652: [INFO][SyncEngineBackend::DoStartConfiguration] Start configuration
2026-04-11 16:20:48.653: [INFO][Sync] Configure, desired: Bookmarks, Preferences, Passwords, Autofill Profiles, Autofill, Extensions, Sessions, Extension settings, History Delete Directives, Device Info, User Consents, Send Tab To Self, Web Apps, History, Saved Tab Group, WebAuthn Credentials, Collection, Edge E Drop, Edge Hub App Usage, Edge Wallet, Edge Workspace, Encryption Keys; Allow fail: 
2026-04-11 16:20:48.653: [INFO][Sync] Loading: Bookmarks
2026-04-11 16:20:48.653: [INFO][Sync] Loading: Preferences
2026-04-11 16:20:48.653: [INFO][Sync] Loading: Passwords
2026-04-11 16:20:48.653: [INFO][Sync] Loading: Autofill Profiles
2026-04-11 16:20:48.653: [INFO][Sync] Loading: Autofill
2026-04-11 16:20:48.653: [INFO][Sync] Loading: Extensions
2026-04-11 16:20:48.653: [INFO][Sync] Loading: Sessions
2026-04-11 16:20:48.653: [INFO][Sync] Loading: Extension settings
2026-04-11 16:20:48.653: [INFO][Sync] Loading: History Delete Directives
2026-04-11 16:20:48.653: [INFO][Sync] Loading: Device Info
2026-04-11 16:20:48.653: [INFO][Sync] Loading: User Consents
2026-04-11 16:20:48.653: [INFO][Sync] Loading: Send Tab To Self
2026-04-11 16:20:48.653: [INFO][Sync] Loading: Web Apps
2026-04-11 16:20:48.653: [INFO][Sync] Loading: History
2026-04-11 16:20:48.653: [INFO][Sync] Loading: Saved Tab Group
2026-04-11 16:20:48.653: [INFO][Sync] Loading: WebAuthn Credentials
2026-04-11 16:20:48.653: [INFO][Sync] Loading: Collection
2026-04-11 16:20:48.653: [INFO][Sync] Loading: Edge E Drop
2026-04-11 16:20:48.653: [INFO][Sync] Loading: Edge Hub App Usage
2026-04-11 16:20:48.653: [INFO][Sync] Loading: Edge Wallet
2026-04-11 16:20:48.653: [INFO][Sync] Loading: Edge Workspace
2026-04-11 16:20:48.654: [INFO][SyncAuthManager::SetLastAuthError] Current auth error: None
2026-04-11 16:20:48.654: [INFO][SyncAuthManager::EdgeLogTokenErrorState] Token error with: None for account type: MSA
2026-04-11 16:20:48.654: [INFO][Sync] Credentials changed for: EdgeSyncScopeNew
2026-04-11 16:20:48.654: [INFO][SyncEngineBackend::DoUpdateCredentials] Update credentials
2026-04-11 16:20:48.654: [INFO][SyncEngineBackend::DoUpdateKeyDataCredentials] Update key data credentials
2026-04-11 16:20:48.655: [INFO][Sync] All data types are ready for configure.
2026-04-11 16:20:48.655: [INFO][SyncManagerImpl::NudgeForInitialDownload] Initial download nudge for Autofill Profiles
2026-04-11 16:20:48.655: [INFO][SyncManagerImpl::NudgeForInitialDownload] Initial download nudge for Autofill
2026-04-11 16:20:48.655: [INFO][SyncManagerImpl::NudgeForInitialDownload] Initial download nudge for Extensions
2026-04-11 16:20:48.655: [INFO][SyncManagerImpl::NudgeForInitialDownload] Initial download nudge for Sessions
2026-04-11 16:20:48.655: [INFO][SyncManagerImpl::NudgeForInitialDownload] Initial download nudge for Extension settings
2026-04-11 16:20:48.655: [INFO][SyncManagerImpl::NudgeForInitialDownload] Initial download nudge for History Delete Directives
2026-04-11 16:20:48.655: [INFO][SyncManagerImpl::NudgeForInitialDownload] Initial download nudge for Web Apps
2026-04-11 16:20:48.655: [INFO][SyncManagerImpl::NudgeForInitialDownload] Initial download nudge for History
2026-04-11 16:20:48.655: [INFO][SyncManagerImpl::NudgeForInitialDownload] Initial download nudge for Saved Tab Group
2026-04-11 16:20:48.655: [INFO][SyncManagerImpl::NudgeForInitialDownload] Initial download nudge for WebAuthn Credentials
2026-04-11 16:20:48.655: [INFO][SyncManagerImpl::NudgeForInitialDownload] Initial download nudge for Collection
2026-04-11 16:20:48.655: [INFO][SyncManagerImpl::NudgeForInitialDownload] Initial download nudge for Edge Hub App Usage
2026-04-11 16:20:48.655: [INFO][SyncManagerImpl::NudgeForInitialDownload] Initial download nudge for Edge Wallet
2026-04-11 16:20:48.655: [INFO][SyncManagerImpl::NudgeForInitialDownload] Initial download nudge for Edge Workspace
2026-04-11 16:20:48.655: [INFO][SyncManagerImpl::ConfigureSyncer] Types to download:  with reason: 4
2026-04-11 16:20:48.655: [INFO][SyncEngineBackend::DoFinishConfigureDataTypes] Failed to download types:  and succeeded types: 
2026-04-11 16:20:48.655: [INFO][Sync] ConfigurationDone, failed: , succeeded: , remaining count: 4
2026-04-11 16:20:48.655: [INFO][SyncManagerImpl::ConfigureSyncer] Types to download:  with reason: 4
2026-04-11 16:20:48.655: [INFO][SyncEngineBackend::DoFinishConfigureDataTypes] Failed to download types:  and succeeded types: 
2026-04-11 16:20:48.655: [INFO][Sync] ConfigurationDone, failed: , succeeded: , remaining count: 3
2026-04-11 16:20:48.655: [INFO][SyncManagerImpl::ConfigureSyncer] Types to download:  with reason: 4
2026-04-11 16:20:48.655: [INFO][SyncEngineBackend::DoFinishConfigureDataTypes] Failed to download types:  and succeeded types: 
2026-04-11 16:20:48.655: [INFO][Sync] ConfigurationDone, failed: , succeeded: , remaining count: 2
2026-04-11 16:20:48.655: [INFO][Sync] Prepare to configure types: Autofill Profiles, Autofill, Extensions, Sessions, Extension settings, History Delete Directives, Web Apps, Saved Tab Group, WebAuthn Credentials, Collection, Edge Hub App Usage, Edge Wallet, Edge Workspace, Encryption Keys
2026-04-11 16:20:48.655: [INFO][SyncManagerImpl::ConfigureSyncer] Types to download: Autofill Profiles, Autofill, Extensions, Sessions, Extension settings, History Delete Directives, Web Apps, Saved Tab Group, WebAuthn Credentials, Collection, Edge Hub App Usage, Edge Wallet, Edge Workspace, Encryption Keys with reason: 4
2026-04-11 16:20:48.655: [INFO][SyncSchedulerImpl::DoConfigurationSyncCycleJob] Blocked types:  and types to download: Autofill Profiles, Autofill, Extensions, Sessions, Extension settings, History Delete Directives, Web Apps, Saved Tab Group, WebAuthn Credentials, Collection, Edge Hub App Usage, Edge Wallet, Edge Workspace, Encryption Keys
2026-04-11 16:21:11.761: [INFO][SyncEngineBackend::DoFinishConfigureDataTypes] Failed to download types:  and succeeded types: Autofill Profiles, Autofill, Extensions, Sessions, Extension settings, History Delete Directives, Web Apps, Saved Tab Group, WebAuthn Credentials, Collection, Edge Hub App Usage, Edge Wallet, Edge Workspace, Encryption Keys
2026-04-11 16:21:11.762: [INFO][Sync] ConfigurationDone, failed: , succeeded: Autofill Profiles, Autofill, Extensions, Sessions, Extension settings, History Delete Directives, Web Apps, Saved Tab Group, WebAuthn Credentials, Collection, Edge Hub App Usage, Edge Wallet, Edge Workspace, Encryption Keys, remaining count: 1
2026-04-11 16:21:11.763: [INFO][Sync] Prepare to configure types: History, Encryption Keys
2026-04-11 16:21:11.763: [INFO][SyncManagerImpl::ConfigureSyncer] Types to download: History, Encryption Keys with reason: 4
2026-04-11 16:21:11.763: [INFO][SyncSchedulerImpl::DoConfigurationSyncCycleJob] Blocked types:  and types to download: History, Encryption Keys
2026-04-11 16:21:11.976: [INFO][SyncEngineBackend::DoFinishConfigureDataTypes] Failed to download types:  and succeeded types: History, Encryption Keys
2026-04-11 16:21:11.977: [INFO][Sync] ConfigurationDone, failed: , succeeded: History, Encryption Keys, remaining count: 0
2026-04-11 16:21:11.978: [INFO][Sync]     Configuration completed, state: 3
2026-04-11 16:21:11.978: [INFO][Sync] Configured DataTypeManager: Ok
2026-04-11 16:21:11.979: [INFO][SyncEngineBackend::DoStartSyncing] Start syncing
2026-04-12 00:24:47.897: [INFO][SyncSchedulerImpl::OnSyncNetworkError] Syncer error: HTTP error (401)
2026-04-12 00:24:47.897: [INFO][Sync] Connection status changed to: 2
2026-04-12 00:24:47.897: [INFO][Commit::ReportFullCommitFailure] Commit Extension settings failed with error: AuthError
2026-04-12 00:24:47.898: [INFO][SyncSchedulerImpl::DoNudgeSyncCycleJob] Syncer error: HTTP error (401)
2026-04-12 00:24:47.902: [WARN][Sync] NetworkError: HTTP error (401)
2026-04-12 00:24:47.922: [INFO][SyncAuthManager::SetLastAuthError] Current auth error: None
2026-04-12 00:24:47.922: [INFO][SyncAuthManager::EdgeLogTokenErrorState] Token error with: None for account type: MSA
2026-04-12 00:24:47.922: [INFO][Sync] Credentials changed for: EdgeSyncScopeNew
2026-04-12 00:24:48.885: [INFO][SyncAuthManager::SetLastAuthError] Current auth error: None
2026-04-12 00:24:48.885: [INFO][SyncAuthManager::EdgeLogTokenErrorState] Token error with: None for account type: MSA
2026-04-12 00:24:48.885: [INFO][Sync] Credentials changed for: EdgeSyncKeyDataScope
2026-04-12 00:24:48.885: [INFO][SyncEngineBackend::DoUpdateKeyDataCredentials] Update key data credentials
2026-04-12 00:24:48.885: [INFO][SyncEngineBackend::DoUpdateCredentials] Update credentials
2026-04-12 01:17:57.893: [INFO][SyncSchedulerImpl::OnSyncNetworkError] Syncer error: Network error (ERR_TIMED_OUT)
2026-04-12 01:17:57.893: [INFO][Commit::ReportFullCommitFailure] Commit Extension settings failed with error: NetworkError
2026-04-12 01:17:57.894: [INFO][SyncSchedulerImpl::DoNudgeSyncCycleJob] Syncer error: Network error (ERR_TIMED_OUT)
2026-04-12 01:17:57.897: [WARN][Sync] NetworkError: Network error (ERR_TIMED_OUT)
2026-04-12 01:18:29.416: [INFO][SyncSchedulerImpl::OnSyncNetworkError] Syncer error: Network error (ERR_TIMED_OUT)
2026-04-12 01:18:29.416: [INFO][Commit::ReportFullCommitFailure] Commit Extension settings failed with error: NetworkError
2026-04-12 01:18:29.416: [INFO][SyncSchedulerImpl::DoNudgeSyncCycleJob] Syncer error: Network error (ERR_TIMED_OUT)
2026-04-12 01:18:29.419: [WARN][Sync] NetworkError: Network error (ERR_TIMED_OUT)
2026-04-12 01:19:01.725: [INFO][SyncSchedulerImpl::OnSyncNetworkError] Syncer error: Network error (ERR_TIMED_OUT)
2026-04-12 01:19:01.725: [INFO][Commit::ReportFullCommitFailure] Commit Extension settings failed with error: NetworkError
2026-04-12 01:19:01.725: [INFO][SyncSchedulerImpl::DoNudgeSyncCycleJob] Syncer error: Network error (ERR_TIMED_OUT)
2026-04-12 01:19:01.729: [WARN][Sync] NetworkError: Network error (ERR_TIMED_OUT)
2026-04-12 01:19:35.125: [INFO][SyncSchedulerImpl::OnSyncNetworkError] Syncer error: Network error (ERR_TIMED_OUT)
2026-04-12 01:19:35.125: [INFO][Commit::ReportFullCommitFailure] Commit Extension settings failed with error: NetworkError
2026-04-12 01:19:35.125: [INFO][SyncSchedulerImpl::DoNudgeSyncCycleJob] Syncer error: Network error (ERR_TIMED_OUT)
2026-04-12 01:19:35.129: [WARN][Sync] NetworkError: Network error (ERR_TIMED_OUT)
2026-04-12 01:20:10.244: [INFO][SyncSchedulerImpl::OnSyncNetworkError] Syncer error: Network error (ERR_TIMED_OUT)
2026-04-12 01:20:10.244: [INFO][Commit::ReportFullCommitFailure] Commit Extension settings failed with error: NetworkError
2026-04-12 01:20:10.244: [INFO][SyncSchedulerImpl::DoNudgeSyncCycleJob] Syncer error: Network error (ERR_TIMED_OUT)
2026-04-12 01:20:10.247: [WARN][Sync] NetworkError: Network error (ERR_TIMED_OUT)
2026-04-12 01:20:52.917: [INFO][SyncSchedulerImpl::OnSyncNetworkError] Syncer error: Network error (ERR_TIMED_OUT)
2026-04-12 01:20:52.917: [INFO][Commit::ReportFullCommitFailure] Commit Extension settings failed with error: NetworkError
2026-04-12 01:20:52.917: [INFO][SyncSchedulerImpl::DoNudgeSyncCycleJob] Syncer error: Network error (ERR_TIMED_OUT)
2026-04-12 01:20:52.921: [WARN][Sync] NetworkError: Network error (ERR_TIMED_OUT)
2026-04-12 01:21:54.581: [INFO][SyncSchedulerImpl::OnSyncNetworkError] Syncer error: Network error (ERR_TIMED_OUT)
2026-04-12 01:21:54.581: [INFO][Commit::ReportFullCommitFailure] Commit Extension settings failed with error: NetworkError
2026-04-12 01:21:54.581: [INFO][SyncSchedulerImpl::DoNudgeSyncCycleJob] Syncer error: Network error (ERR_TIMED_OUT)
2026-04-12 01:21:54.585: [WARN][Sync] NetworkError: Network error (ERR_TIMED_OUT)
